{"numTotalTestSuites":32,"numPassedTestSuites":27,"numFailedTestSuites":5,"numPendingTestSuites":0,"numTotalTests":154,"numPassedTests":143,"numFailedTests":11,"numPendingTests":0,"numTodoTests":0,"snapshot":{"added":0,"failure":false,"filesAdded":0,"filesRemoved":0,"filesRemovedList":[],"filesUnmatched":0,"filesUpdated":0,"matched":0,"total":0,"unchecked":0,"uncheckedKeysByFile":[],"unmatched":0,"updated":0,"didUpdate":false},"startTime":1769280219328,"success":false,"testResults":[{"assertionResults":[{"ancestorTitles":["SessionWizard - Initial Rendering"],"fullName":"SessionWizard - Initial Rendering should render the component with default German language","status":"passed","title":"should render the component with default German language","duration":35.219400000000064,"failureMessages":[],"meta":{}},{"ancestorTitles":["SessionWizard - Initial Rendering"],"fullName":"SessionWizard - Initial Rendering should render with English language when initialLang is en","status":"passed","title":"should render with English language when initialLang is en","duration":7.8342000000001235,"failureMessages":[],"meta":{}},{"ancestorTitles":["SessionWizard - Initial Rendering"],"fullName":"SessionWizard - Initial Rendering should render session settings section","status":"passed","title":"should render session settings section","duration":8.020899999999983,"failureMessages":[],"meta":{}},{"ancestorTitles":["SessionWizard - Initial Rendering"],"fullName":"SessionWizard - Initial Rendering should render members section with initial members","status":"passed","title":"should render members section with initial members","duration":8.063800000000128,"failureMessages":[],"meta":{}},{"ancestorTitles":["SessionWizard - Initial Rendering"],"fullName":"SessionWizard - Initial Rendering should render results section","status":"passed","title":"should render results section","duration":6.411100000000033,"failureMessages":[],"meta":{}},{"ancestorTitles":["SessionWizard - Initial Rendering"],"fullName":"SessionWizard - Initial Rendering should render distribution mode select with default EQUAL value","status":"passed","title":"should render distribution mode select with default EQUAL value","duration":63.62920000000008,"failureMessages":[],"meta":{}},{"ancestorTitles":["SessionWizard - Initial Rendering"],"fullName":"SessionWizard - Initial Rendering should render tax toggle checkbox checked by default","status":"passed","title":"should render tax toggle checkbox checked by default","duration":16.776799999999866,"failureMessages":[],"meta":{}},{"ancestorTitles":["SessionWizard - Initial Rendering"],"fullName":"SessionWizard - Initial Rendering should render role toggle checkbox unchecked by default","status":"passed","title":"should render role toggle checkbox unchecked by default","duration":19.185799999999972,"failureMessages":[],"meta":{}},{"ancestorTitles":["SessionWizard - Language Switching"],"fullName":"SessionWizard - Language Switching should switch from German to English when EN button is clicked","status":"passed","title":"should switch from German to English when EN button is clicked","duration":31.876700000000028,"failureMessages":[],"meta":{}},{"ancestorTitles":["SessionWizard - Language Switching"],"fullName":"SessionWizard - Language Switching should switch from English to German when DE button is clicked","status":"passed","title":"should switch from English to German when DE button is clicked","duration":27.879199999999855,"failureMessages":[],"meta":{}},{"ancestorTitles":["SessionWizard - Language Switching"],"fullName":"SessionWizard - Language Switching should update all UI text when language is changed","status":"passed","title":"should update all UI text when language is changed","duration":30.07199999999989,"failureMessages":[],"meta":{}},{"ancestorTitles":["SessionWizard - Distribution Mode"],"fullName":"SessionWizard - Distribution Mode should change distribution mode to PERCENT","status":"passed","title":"should change distribution mode to PERCENT","duration":10.783500000000004,"failureMessages":[],"meta":{}},{"ancestorTitles":["SessionWizard - Distribution Mode"],"fullName":"SessionWizard - Distribution Mode should change distribution mode to ADJUSTABLE","status":"passed","title":"should change distribution mode to ADJUSTABLE","duration":10.329600000000028,"failureMessages":[],"meta":{}},{"ancestorTitles":["SessionWizard - Distribution Mode"],"fullName":"SessionWizard - Distribution Mode should distribute percent shares equally when switching to PERCENT mode","status":"passed","title":"should distribute percent shares equally when switching to PERCENT mode","duration":33.64319999999998,"failureMessages":[],"meta":{}},{"ancestorTitles":["SessionWizard - Distribution Mode"],"fullName":"SessionWizard - Distribution Mode should disable percent share inputs in EQUAL mode","status":"passed","title":"should disable percent share inputs in EQUAL mode","duration":27.92769999999996,"failureMessages":[],"meta":{}},{"ancestorTitles":["SessionWizard - Distribution Mode"],"fullName":"SessionWizard - Distribution Mode should enable fixed payout inputs only in ADJUSTABLE mode","status":"passed","title":"should enable fixed payout inputs only in ADJUSTABLE mode","duration":34.372899999999845,"failureMessages":[],"meta":{}},{"ancestorTitles":["SessionWizard - Member Management"],"fullName":"SessionWizard - Member Management should add a new member when + Mitglied button is clicked","status":"passed","title":"should add a new member when + Mitglied button is clicked","duration":22.26209999999992,"failureMessages":[],"meta":{}},{"ancestorTitles":["SessionWizard - Member Management"],"fullName":"SessionWizard - Member Management should remove a member when delete button is clicked","status":"passed","title":"should remove a member when delete button is clicked","duration":5.169599999999946,"failureMessages":[],"meta":{}},{"ancestorTitles":["SessionWizard - Member Management"],"fullName":"SessionWizard - Member Management should update member handle when input is changed","status":"passed","title":"should update member handle when input is changed","duration":4.794699999999921,"failureMessages":[],"meta":{}},{"ancestorTitles":["SessionWizard - Member Management"],"fullName":"SessionWizard - Member Management should update member revenue when input is changed","status":"passed","title":"should update member revenue when input is changed","duration":25.80079999999998,"failureMessages":[],"meta":{}},{"ancestorTitles":["SessionWizard - Member Management"],"fullName":"SessionWizard - Member Management should update member investment when input is changed","status":"passed","title":"should update member investment when input is changed","duration":27.487300000000005,"failureMessages":[],"meta":{}},{"ancestorTitles":["SessionWizard - Member Management"],"fullName":"SessionWizard - Member Management should show role inputs when showRole checkbox is toggled","status":"passed","title":"should show role inputs when showRole checkbox is toggled","duration":13.585400000000163,"failureMessages":[],"meta":{}},{"ancestorTitles":["SessionWizard - Individual Expenses"],"fullName":"SessionWizard - Individual Expenses should add individual expense for a member","status":"passed","title":"should add individual expense for a member","duration":23.154700000000048,"failureMessages":[],"meta":{}},{"ancestorTitles":["SessionWizard - Individual Expenses"],"fullName":"SessionWizard - Individual Expenses should update individual expense label","status":"passed","title":"should update individual expense label","duration":23.141200000000026,"failureMessages":[],"meta":{}},{"ancestorTitles":["SessionWizard - Individual Expenses"],"fullName":"SessionWizard - Individual Expenses should update individual expense amount","status":"passed","title":"should update individual expense amount","duration":49.106199999999944,"failureMessages":[],"meta":{}},{"ancestorTitles":["SessionWizard - Individual Expenses"],"fullName":"SessionWizard - Individual Expenses should remove individual expense when delete button is clicked","status":"passed","title":"should remove individual expense when delete button is clicked","duration":24.22199999999998,"failureMessages":[],"meta":{}},{"ancestorTitles":["SessionWizard - Tax Toggle"],"fullName":"SessionWizard - Tax Toggle should toggle tax off when checkbox is unchecked","status":"passed","title":"should toggle tax off when checkbox is unchecked","duration":13.119200000000092,"failureMessages":[],"meta":{}},{"ancestorTitles":["SessionWizard - Tax Toggle"],"fullName":"SessionWizard - Tax Toggle should toggle tax back on when checkbox is checked again","status":"passed","title":"should toggle tax back on when checkbox is checked again","duration":13.583399999999983,"failureMessages":[],"meta":{}},{"ancestorTitles":["SessionWizard - Reset Functionality"],"fullName":"SessionWizard - Reset Functionality should reset to initial state when Reset button is clicked","status":"passed","title":"should reset to initial state when Reset button is clicked","duration":24.81510000000003,"failureMessages":[],"meta":{}},{"ancestorTitles":["SessionWizard - Reset Functionality"],"fullName":"SessionWizard - Reset Functionality should reset distribution mode to EQUAL on reset","status":"passed","title":"should reset distribution mode to EQUAL on reset","duration":29.698599999999942,"failureMessages":[],"meta":{}},{"ancestorTitles":["SessionWizard - Reset Functionality"],"fullName":"SessionWizard - Reset Functionality should reset tax toggle to enabled on reset","status":"passed","title":"should reset tax toggle to enabled on reset","duration":29.48129999999992,"failureMessages":[],"meta":{}},{"ancestorTitles":["SessionWizard - Results Display"],"fullName":"SessionWizard - Results Display should display summary section with revenue, investment, expenses","status":"passed","title":"should display summary section with revenue, investment, expenses","duration":7.330899999999929,"failureMessages":[],"meta":{}},{"ancestorTitles":["SessionWizard - Results Display"],"fullName":"SessionWizard - Results Display should display suggested transfers section","status":"passed","title":"should display suggested transfers section","duration":4.038199999999961,"failureMessages":[],"meta":{}},{"ancestorTitles":["SessionWizard - Results Display"],"fullName":"SessionWizard - Results Display should show \"no transfers required\" message when members have equal revenue","status":"passed","title":"should show \"no transfers required\" message when members have equal revenue","duration":4.219300000000203,"failureMessages":[],"meta":{}},{"ancestorTitles":["SessionWizard - Results Display"],"fullName":"SessionWizard - Results Display should update calculations when member revenue is changed","status":"passed","title":"should update calculations when member revenue is changed","duration":27.667599999999993,"failureMessages":[],"meta":{}},{"ancestorTitles":["SessionWizard - Results Display"],"fullName":"SessionWizard - Results Display should display member results table with all members","status":"passed","title":"should display member results table with all members","duration":4.613700000000108,"failureMessages":[],"meta":{}},{"ancestorTitles":["SessionWizard - Integration Scenarios"],"fullName":"SessionWizard - Integration Scenarios should handle complete workflow: add member, set revenue, check results","status":"passed","title":"should handle complete workflow: add member, set revenue, check results","duration":53.61640000000011,"failureMessages":[],"meta":{}},{"ancestorTitles":["SessionWizard - Integration Scenarios"],"fullName":"SessionWizard - Integration Scenarios should handle switching modes and updating values","status":"passed","title":"should handle switching modes and updating values","duration":34.07729999999992,"failureMessages":[],"meta":{}},{"ancestorTitles":["SessionWizard - Integration Scenarios"],"fullName":"SessionWizard - Integration Scenarios should handle adding and removing expenses with calculations","status":"passed","title":"should handle adding and removing expenses with calculations","duration":46.28539999999998,"failureMessages":[],"meta":{}},{"ancestorTitles":["SessionWizard - Integration Scenarios"],"fullName":"SessionWizard - Integration Scenarios should persist language preference across interactions","status":"passed","title":"should persist language preference across interactions","duration":40.705400000000054,"failureMessages":[],"meta":{}},{"ancestorTitles":["SessionWizard - Error Handling and Edge Cases","Invalid Input Handling"],"fullName":"SessionWizard - Error Handling and Edge Cases Invalid Input Handling should not crash when attempting negative revenue input","status":"passed","title":"should not crash when attempting negative revenue input","duration":24.864199999999983,"failureMessages":[],"meta":{}},{"ancestorTitles":["SessionWizard - Error Handling and Edge Cases","Invalid Input Handling"],"fullName":"SessionWizard - Error Handling and Edge Cases Invalid Input Handling should not crash when attempting negative investment input","status":"passed","title":"should not crash when attempting negative investment input","duration":24.00070000000005,"failureMessages":[],"meta":{}},{"ancestorTitles":["SessionWizard - Error Handling and Edge Cases","Invalid Input Handling"],"fullName":"SessionWizard - Error Handling and Edge Cases Invalid Input Handling should not crash when attempting negative expense amount","status":"passed","title":"should not crash when attempting negative expense amount","duration":47.14460000000008,"failureMessages":[],"meta":{}},{"ancestorTitles":["SessionWizard - Error Handling and Edge Cases","Invalid Input Handling"],"fullName":"SessionWizard - Error Handling and Edge Cases Invalid Input Handling should handle zero revenue input","status":"passed","title":"should handle zero revenue input","duration":26.718799999999874,"failureMessages":[],"meta":{}},{"ancestorTitles":["SessionWizard - Error Handling and Edge Cases","Invalid Input Handling"],"fullName":"SessionWizard - Error Handling and Edge Cases Invalid Input Handling should handle very large numbers without crashing","status":"passed","title":"should handle very large numbers without crashing","duration":25.4366,"failureMessages":[],"meta":{}},{"ancestorTitles":["SessionWizard - Error Handling and Edge Cases","Invalid Input Handling"],"fullName":"SessionWizard - Error Handling and Edge Cases Invalid Input Handling should handle empty string input for revenue","status":"passed","title":"should handle empty string input for revenue","duration":26.713199999999688,"failureMessages":[],"meta":{}},{"ancestorTitles":["SessionWizard - Error Handling and Edge Cases","Invalid Input Handling"],"fullName":"SessionWizard - Error Handling and Edge Cases Invalid Input Handling should not crash with empty member handle","status":"passed","title":"should not crash with empty member handle","duration":4.182699999999841,"failureMessages":[],"meta":{}},{"ancestorTitles":["SessionWizard - Error Handling and Edge Cases","Invalid Input Handling"],"fullName":"SessionWizard - Error Handling and Edge Cases Invalid Input Handling should not crash with whitespace-only member handle","status":"passed","title":"should not crash with whitespace-only member handle","duration":4.010000000000218,"failureMessages":[],"meta":{}},{"ancestorTitles":["SessionWizard - Error Handling and Edge Cases","Edge Cases - Member States"],"fullName":"SessionWizard - Error Handling and Edge Cases Edge Cases - Member States should handle all members being inactive","status":"passed","title":"should handle all members being inactive","duration":11.61929999999984,"failureMessages":[],"meta":{}},{"ancestorTitles":["SessionWizard - Error Handling and Edge Cases","Edge Cases - Member States"],"fullName":"SessionWizard - Error Handling and Edge Cases Edge Cases - Member States should handle removing all members except one","status":"passed","title":"should handle removing all members except one","duration":5.153400000000147,"failureMessages":[],"meta":{}},{"ancestorTitles":["SessionWizard - Error Handling and Edge Cases","Edge Cases - Member States"],"fullName":"SessionWizard - Error Handling and Edge Cases Edge Cases - Member States should handle adding maximum number of members","status":"passed","title":"should handle adding maximum number of members","duration":46.841499999999996,"failureMessages":[],"meta":{}},{"ancestorTitles":["SessionWizard - Error Handling and Edge Cases","Edge Cases - Member States"],"fullName":"SessionWizard - Error Handling and Edge Cases Edge Cases - Member States should handle single member with zero revenue","status":"passed","title":"should handle single member with zero revenue","duration":18.38720000000012,"failureMessages":[],"meta":{}},{"ancestorTitles":["SessionWizard - Error Handling and Edge Cases","Edge Cases - Financial Calculations"],"fullName":"SessionWizard - Error Handling and Edge Cases Edge Cases - Financial Calculations should handle investment greater than revenue","status":"passed","title":"should handle investment greater than revenue","duration":28.152300000000196,"failureMessages":[],"meta":{}},{"ancestorTitles":["SessionWizard - Error Handling and Edge Cases","Edge Cases - Financial Calculations"],"fullName":"SessionWizard - Error Handling and Edge Cases Edge Cases - Financial Calculations should handle expenses exceeding revenue","status":"passed","title":"should handle expenses exceeding revenue","duration":69.96139999999968,"failureMessages":[],"meta":{}},{"ancestorTitles":["SessionWizard - Error Handling and Edge Cases","Edge Cases - Financial Calculations"],"fullName":"SessionWizard - Error Handling and Edge Cases Edge Cases - Financial Calculations should handle zero revenue with non-zero investment","status":"passed","title":"should handle zero revenue with non-zero investment","duration":25.69750000000022,"failureMessages":[],"meta":{}},{"ancestorTitles":["SessionWizard - Error Handling and Edge Cases","Edge Cases - Financial Calculations"],"fullName":"SessionWizard - Error Handling and Edge Cases Edge Cases - Financial Calculations should handle multiple expenses exceeding total revenue","status":"passed","title":"should handle multiple expenses exceeding total revenue","duration":47.4058,"failureMessages":[],"meta":{}},{"ancestorTitles":["SessionWizard - Error Handling and Edge Cases","Edge Cases - Financial Calculations"],"fullName":"SessionWizard - Error Handling and Edge Cases Edge Cases - Financial Calculations should handle decimal values in revenue input","status":"passed","title":"should handle decimal values in revenue input","duration":26.528999999999996,"failureMessages":[],"meta":{}},{"ancestorTitles":["SessionWizard - Error Handling and Edge Cases","Edge Cases - Distribution Modes"],"fullName":"SessionWizard - Error Handling and Edge Cases Edge Cases - Distribution Modes should handle PERCENT mode with invalid total percentage","status":"passed","title":"should handle PERCENT mode with invalid total percentage","duration":33.31959999999981,"failureMessages":[],"meta":{}},{"ancestorTitles":["SessionWizard - Error Handling and Edge Cases","Edge Cases - Distribution Modes"],"fullName":"SessionWizard - Error Handling and Edge Cases Edge Cases - Distribution Modes should not crash with PERCENT mode and zero total percentage","status":"passed","title":"should not crash with PERCENT mode and zero total percentage","duration":32.102499999999964,"failureMessages":[],"meta":{}},{"ancestorTitles":["SessionWizard - Error Handling and Edge Cases","Edge Cases - Distribution Modes"],"fullName":"SessionWizard - Error Handling and Edge Cases Edge Cases - Distribution Modes should handle ADJUSTABLE mode with very high fixed payout","status":"passed","title":"should handle ADJUSTABLE mode with very high fixed payout","duration":35.108700000000226,"failureMessages":[],"meta":{}},{"ancestorTitles":["SessionWizard - Error Handling and Edge Cases","Edge Cases - Distribution Modes"],"fullName":"SessionWizard - Error Handling and Edge Cases Edge Cases - Distribution Modes should handle switching between modes multiple times","status":"passed","title":"should handle switching between modes multiple times","duration":13.436299999999846,"failureMessages":[],"meta":{}},{"ancestorTitles":["SessionWizard - Error Handling and Edge Cases","Edge Cases - UI State Management"],"fullName":"SessionWizard - Error Handling and Edge Cases Edge Cases - UI State Management should maintain state after rapid member additions and removals","status":"passed","title":"should maintain state after rapid member additions and removals","duration":25.139599999999973,"failureMessages":[],"meta":{}},{"ancestorTitles":["SessionWizard - Error Handling and Edge Cases","Edge Cases - UI State Management"],"fullName":"SessionWizard - Error Handling and Edge Cases Edge Cases - UI State Management should maintain calculations after rapid expense additions and removals","status":"passed","title":"should maintain calculations after rapid expense additions and removals","duration":24.89050000000043,"failureMessages":[],"meta":{}},{"ancestorTitles":["SessionWizard - Error Handling and Edge Cases","Edge Cases - UI State Management"],"fullName":"SessionWizard - Error Handling and Edge Cases Edge Cases - UI State Management should handle toggling tax multiple times","status":"passed","title":"should handle toggling tax multiple times","duration":16.87390000000005,"failureMessages":[],"meta":{}},{"ancestorTitles":["SessionWizard - Error Handling and Edge Cases","Edge Cases - UI State Management"],"fullName":"SessionWizard - Error Handling and Edge Cases Edge Cases - UI State Management should handle rapid language switching","status":"passed","title":"should handle rapid language switching","duration":28.727400000000216,"failureMessages":[],"meta":{}},{"ancestorTitles":["SessionWizard - Error Handling and Edge Cases","Edge Cases - UI State Management"],"fullName":"SessionWizard - Error Handling and Edge Cases Edge Cases - UI State Management should preserve member data after toggling role visibility","status":"passed","title":"should preserve member data after toggling role visibility","duration":13.82049999999981,"failureMessages":[],"meta":{}},{"ancestorTitles":["SessionWizard - Error Handling and Edge Cases","Edge Cases - Complex Scenarios"],"fullName":"SessionWizard - Error Handling and Edge Cases Edge Cases - Complex Scenarios should handle scenario with all zero values","status":"passed","title":"should handle scenario with all zero values","duration":26.329799999999977,"failureMessages":[],"meta":{}},{"ancestorTitles":["SessionWizard - Error Handling and Edge Cases","Edge Cases - Complex Scenarios"],"fullName":"SessionWizard - Error Handling and Edge Cases Edge Cases - Complex Scenarios should handle member with only investment and no revenue","status":"passed","title":"should handle member with only investment and no revenue","duration":25.45530000000008,"failureMessages":[],"meta":{}},{"ancestorTitles":["SessionWizard - Error Handling and Edge Cases","Edge Cases - Complex Scenarios"],"fullName":"SessionWizard - Error Handling and Edge Cases Edge Cases - Complex Scenarios should handle member with only expenses and no revenue","status":"passed","title":"should handle member with only expenses and no revenue","duration":63.820700000000215,"failureMessages":[],"meta":{}},{"ancestorTitles":["SessionWizard - Error Handling and Edge Cases","Edge Cases - Complex Scenarios"],"fullName":"SessionWizard - Error Handling and Edge Cases Edge Cases - Complex Scenarios should handle reset after complex modifications","status":"passed","title":"should handle reset after complex modifications","duration":87.48169999999982,"failureMessages":[],"meta":{}}],"startTime":1769280220561,"endTime":1769280222375.4817,"status":"passed","message":"","name":"C:/Users/3r4sa/Desktop/Payslip/.auto-claude/worktrees/tasks/003-you-ve-hit-your-limit-resets-2am-europe-berlin/components/SessionWizard.test.tsx"},{"assertionResults":[{"ancestorTitles":["calculatePayslip - EQUAL mode"],"fullName":"calculatePayslip - EQUAL mode should distribute profit equally among active members in EQUAL mode","status":"passed","title":"should distribute profit equally among active members in EQUAL mode","duration":1.1492999999999256,"failureMessages":[],"meta":{}},{"ancestorTitles":["calculatePayslip - EQUAL mode"],"fullName":"calculatePayslip - EQUAL mode should exclude inactive members from equal profit distribution","status":"passed","title":"should exclude inactive members from equal profit distribution","duration":0.15899999999999181,"failureMessages":[],"meta":{}},{"ancestorTitles":["calculatePayslip - EQUAL mode"],"fullName":"calculatePayslip - EQUAL mode should handle single active member in EQUAL mode","status":"passed","title":"should handle single active member in EQUAL mode","duration":0.08280000000002019,"failureMessages":[],"meta":{}},{"ancestorTitles":["calculatePayslip - EQUAL mode"],"fullName":"calculatePayslip - EQUAL mode should return investments to members before equal distribution","status":"passed","title":"should return investments to members before equal distribution","duration":0.13039999999989504,"failureMessages":[],"meta":{}},{"ancestorTitles":["calculatePayslip - EQUAL mode"],"fullName":"calculatePayslip - EQUAL mode should deduct shared expenses equally among active members in EQUAL mode","status":"passed","title":"should deduct shared expenses equally among active members in EQUAL mode","duration":0.1469000000000733,"failureMessages":[],"meta":{}},{"ancestorTitles":["calculatePayslip - EQUAL mode"],"fullName":"calculatePayslip - EQUAL mode should handle individual expenses in EQUAL mode","status":"passed","title":"should handle individual expenses in EQUAL mode","duration":0.1249000000000251,"failureMessages":[],"meta":{}},{"ancestorTitles":["calculatePayslip - EQUAL mode"],"fullName":"calculatePayslip - EQUAL mode should generate correct settlement transfers in EQUAL mode","status":"passed","title":"should generate correct settlement transfers in EQUAL mode","duration":0.0848999999999478,"failureMessages":[],"meta":{}},{"ancestorTitles":["calculatePayslip - EQUAL mode"],"fullName":"calculatePayslip - EQUAL mode should properly distribute when investments differ in EQUAL mode","status":"passed","title":"should properly distribute when investments differ in EQUAL mode","duration":0.09410000000002583,"failureMessages":[],"meta":{}},{"ancestorTitles":["calculatePayslip - PERCENT mode"],"fullName":"calculatePayslip - PERCENT mode should distribute profit according to percentShare values","status":"passed","title":"should distribute profit according to percentShare values","duration":0.18259999999997945,"failureMessages":[],"meta":{}},{"ancestorTitles":["calculatePayslip - PERCENT mode"],"fullName":"calculatePayslip - PERCENT mode should exclude inactive members from percent profit distribution","status":"passed","title":"should exclude inactive members from percent profit distribution","duration":0.10599999999999454,"failureMessages":[],"meta":{}},{"ancestorTitles":["calculatePayslip - PERCENT mode"],"fullName":"calculatePayslip - PERCENT mode should throw error when percentShares do not sum to 100%","status":"passed","title":"should throw error when percentShares do not sum to 100%","duration":0.481899999999996,"failureMessages":[],"meta":{}},{"ancestorTitles":["calculatePayslip - PERCENT mode"],"fullName":"calculatePayslip - PERCENT mode should handle single active member with 100% share in PERCENT mode","status":"passed","title":"should handle single active member with 100% share in PERCENT mode","duration":0.08429999999998472,"failureMessages":[],"meta":{}},{"ancestorTitles":["calculatePayslip - PERCENT mode"],"fullName":"calculatePayslip - PERCENT mode should return investments before percent distribution","status":"passed","title":"should return investments before percent distribution","duration":0.1029999999999518,"failureMessages":[],"meta":{}},{"ancestorTitles":["calculatePayslip - PERCENT mode"],"fullName":"calculatePayslip - PERCENT mode should deduct shared expenses before percent distribution","status":"passed","title":"should deduct shared expenses before percent distribution","duration":0.09659999999996671,"failureMessages":[],"meta":{}},{"ancestorTitles":["calculatePayslip - PERCENT mode"],"fullName":"calculatePayslip - PERCENT mode should handle individual expenses in PERCENT mode","status":"passed","title":"should handle individual expenses in PERCENT mode","duration":0.10620000000005803,"failureMessages":[],"meta":{}},{"ancestorTitles":["calculatePayslip - PERCENT mode"],"fullName":"calculatePayslip - PERCENT mode should handle unequal percent shares with three members","status":"passed","title":"should handle unequal percent shares with three members","duration":0.1108000000000402,"failureMessages":[],"meta":{}},{"ancestorTitles":["calculatePayslip - PERCENT mode"],"fullName":"calculatePayslip - PERCENT mode should generate correct settlement transfers in PERCENT mode","status":"passed","title":"should generate correct settlement transfers in PERCENT mode","duration":0.09820000000001983,"failureMessages":[],"meta":{}},{"ancestorTitles":["calculatePayslip - ADJUSTABLE mode"],"fullName":"calculatePayslip - ADJUSTABLE mode should give fixedPayout members exactly their payout amount","status":"passed","title":"should give fixedPayout members exactly their payout amount","duration":0.23640000000000327,"failureMessages":[],"meta":{}},{"ancestorTitles":["calculatePayslip - ADJUSTABLE mode"],"fullName":"calculatePayslip - ADJUSTABLE mode should add fixedBonus on top of equal distribution for pool members","status":"passed","title":"should add fixedBonus on top of equal distribution for pool members","duration":0.1008000000000493,"failureMessages":[],"meta":{}},{"ancestorTitles":["calculatePayslip - ADJUSTABLE mode"],"fullName":"calculatePayslip - ADJUSTABLE mode should combine fixedPayout and fixedBonus correctly","status":"passed","title":"should combine fixedPayout and fixedBonus correctly","duration":0.0967000000000553,"failureMessages":[],"meta":{}},{"ancestorTitles":["calculatePayslip - ADJUSTABLE mode"],"fullName":"calculatePayslip - ADJUSTABLE mode should use percentShare for pool distribution when any pool member has it","status":"passed","title":"should use percentShare for pool distribution when any pool member has it","duration":0.11839999999995143,"failureMessages":[],"meta":{}},{"ancestorTitles":["calculatePayslip - ADJUSTABLE mode"],"fullName":"calculatePayslip - ADJUSTABLE mode should exclude inactive members from ADJUSTABLE distribution","status":"passed","title":"should exclude inactive members from ADJUSTABLE distribution","duration":0.09220000000004802,"failureMessages":[],"meta":{}},{"ancestorTitles":["calculatePayslip - ADJUSTABLE mode"],"fullName":"calculatePayslip - ADJUSTABLE mode should handle investments before ADJUSTABLE distribution","status":"passed","title":"should handle investments before ADJUSTABLE distribution","duration":0.09730000000001837,"failureMessages":[],"meta":{}},{"ancestorTitles":["calculatePayslip - ADJUSTABLE mode"],"fullName":"calculatePayslip - ADJUSTABLE mode should handle shared expenses in ADJUSTABLE mode","status":"passed","title":"should handle shared expenses in ADJUSTABLE mode","duration":0.09600000000000364,"failureMessages":[],"meta":{}},{"ancestorTitles":["calculatePayslip - ADJUSTABLE mode"],"fullName":"calculatePayslip - ADJUSTABLE mode should handle individual expenses in ADJUSTABLE mode","status":"passed","title":"should handle individual expenses in ADJUSTABLE mode","duration":0.09219999999993433,"failureMessages":[],"meta":{}},{"ancestorTitles":["calculatePayslip - ADJUSTABLE mode"],"fullName":"calculatePayslip - ADJUSTABLE mode should generate correct settlement transfers in ADJUSTABLE mode","status":"passed","title":"should generate correct settlement transfers in ADJUSTABLE mode","duration":0.12920000000008258,"failureMessages":[],"meta":{}},{"ancestorTitles":["calculatePayslip - ADJUSTABLE mode"],"fullName":"calculatePayslip - ADJUSTABLE mode should handle single active member in ADJUSTABLE mode","status":"passed","title":"should handle single active member in ADJUSTABLE mode","duration":0.05590000000006512,"failureMessages":[],"meta":{}},{"ancestorTitles":["calculatePayslip - Expense Allocation"],"fullName":"calculatePayslip - Expense Allocation should distribute shared expenses equally among all active members by default","status":"passed","title":"should distribute shared expenses equally among all active members by default","duration":0.17889999999999873,"failureMessages":[],"meta":{}},{"ancestorTitles":["calculatePayslip - Expense Allocation"],"fullName":"calculatePayslip - Expense Allocation should distribute shared expenses only to specified participantIds","status":"passed","title":"should distribute shared expenses only to specified participantIds","duration":0.18880000000001473,"failureMessages":[],"meta":{}},{"ancestorTitles":["calculatePayslip - Expense Allocation"],"fullName":"calculatePayslip - Expense Allocation should accumulate multiple shared expenses correctly","status":"passed","title":"should accumulate multiple shared expenses correctly","duration":0.09310000000004948,"failureMessages":[],"meta":{}},{"ancestorTitles":["calculatePayslip - Expense Allocation"],"fullName":"calculatePayslip - Expense Allocation should assign individual expenses only to the specified member","status":"passed","title":"should assign individual expenses only to the specified member","duration":0.11019999999996344,"failureMessages":[],"meta":{}},{"ancestorTitles":["calculatePayslip - Expense Allocation"],"fullName":"calculatePayslip - Expense Allocation should accumulate multiple individual expenses for the same member","status":"passed","title":"should accumulate multiple individual expenses for the same member","duration":0.0665000000000191,"failureMessages":[],"meta":{}},{"ancestorTitles":["calculatePayslip - Expense Allocation"],"fullName":"calculatePayslip - Expense Allocation should correctly combine shared and individual expenses","status":"passed","title":"should correctly combine shared and individual expenses","duration":0.16609999999991487,"failureMessages":[],"meta":{}},{"ancestorTitles":["calculatePayslip - Expense Allocation"],"fullName":"calculatePayslip - Expense Allocation should exclude inactive members from shared expense allocation by default","status":"passed","title":"should exclude inactive members from shared expense allocation by default","duration":0.08230000000003201,"failureMessages":[],"meta":{}},{"ancestorTitles":["calculatePayslip - Expense Allocation"],"fullName":"calculatePayslip - Expense Allocation should handle expenses with zero total revenue","status":"passed","title":"should handle expenses with zero total revenue","duration":0.11059999999997672,"failureMessages":[],"meta":{}},{"ancestorTitles":["Tax Gross-Up Calculations","calculateGrossAmount"],"fullName":"Tax Gross-Up Calculations calculateGrossAmount should return net amount when tax rate is 0","status":"passed","title":"should return net amount when tax rate is 0","duration":0.046699999999987085,"failureMessages":[],"meta":{}},{"ancestorTitles":["Tax Gross-Up Calculations","calculateGrossAmount"],"fullName":"Tax Gross-Up Calculations calculateGrossAmount should correctly gross-up with 5% tax rate","status":"passed","title":"should correctly gross-up with 5% tax rate","duration":0.025700000000028922,"failureMessages":[],"meta":{}},{"ancestorTitles":["Tax Gross-Up Calculations","calculateGrossAmount"],"fullName":"Tax Gross-Up Calculations calculateGrossAmount should correctly gross-up with 10% tax rate","status":"passed","title":"should correctly gross-up with 10% tax rate","duration":0.02369999999996253,"failureMessages":[],"meta":{}},{"ancestorTitles":["Tax Gross-Up Calculations","calculateGrossAmount"],"fullName":"Tax Gross-Up Calculations calculateGrossAmount should return net amount when tax rate is 1 or greater (edge case)","status":"passed","title":"should return net amount when tax rate is 1 or greater (edge case)","duration":0.04679999999996198,"failureMessages":[],"meta":{}},{"ancestorTitles":["Tax Gross-Up Calculations","calculateGrossAmount"],"fullName":"Tax Gross-Up Calculations calculateGrossAmount should return net amount when tax rate is negative (edge case)","status":"passed","title":"should return net amount when tax rate is negative (edge case)","duration":0.023099999999999454,"failureMessages":[],"meta":{}},{"ancestorTitles":["Tax Gross-Up Calculations","calculateFeeAmount"],"fullName":"Tax Gross-Up Calculations calculateFeeAmount should correctly calculate fee as difference between gross and net","status":"passed","title":"should correctly calculate fee as difference between gross and net","duration":0.03380000000004202,"failureMessages":[],"meta":{}},{"ancestorTitles":["Tax Gross-Up Calculations","calculateFeeAmount"],"fullName":"Tax Gross-Up Calculations calculateFeeAmount should return 0 when gross equals net (no tax)","status":"passed","title":"should return 0 when gross equals net (no tax)","duration":0.02179999999998472,"failureMessages":[],"meta":{}},{"ancestorTitles":["Tax Gross-Up Calculations","applyTransferTaxes"],"fullName":"Tax Gross-Up Calculations applyTransferTaxes should apply 0 tax rate correctly (no gross-up)","status":"passed","title":"should apply 0 tax rate correctly (no gross-up)","duration":0.08659999999997581,"failureMessages":[],"meta":{}},{"ancestorTitles":["Tax Gross-Up Calculations","applyTransferTaxes"],"fullName":"Tax Gross-Up Calculations applyTransferTaxes should apply 5% tax rate with correct gross-up","status":"passed","title":"should apply 5% tax rate with correct gross-up","duration":0.05920000000003256,"failureMessages":[],"meta":{}},{"ancestorTitles":["Tax Gross-Up Calculations","applyTransferTaxes"],"fullName":"Tax Gross-Up Calculations applyTransferTaxes should apply tax to multiple transfers correctly","status":"passed","title":"should apply tax to multiple transfers correctly","duration":0.06489999999996598,"failureMessages":[],"meta":{}},{"ancestorTitles":["Tax Gross-Up Calculations","applyTransferTaxes"],"fullName":"Tax Gross-Up Calculations applyTransferTaxes should handle edge case of tax rate >= 1 by returning unchanged transfers","status":"passed","title":"should handle edge case of tax rate >= 1 by returning unchanged transfers","duration":0.04909999999995307,"failureMessages":[],"meta":{}},{"ancestorTitles":["Tax Gross-Up Calculations","applyTransferTaxes"],"fullName":"Tax Gross-Up Calculations applyTransferTaxes should handle negative tax rate as no tax","status":"passed","title":"should handle negative tax rate as no tax","duration":0.03920000000005075,"failureMessages":[],"meta":{}},{"ancestorTitles":["Tax Gross-Up Calculations","calculatePayslip with tax enabled"],"fullName":"Tax Gross-Up Calculations calculatePayslip with tax enabled should apply tax gross-up to settlement transfers when tax is enabled","status":"passed","title":"should apply tax gross-up to settlement transfers when tax is enabled","duration":0.16999999999995907,"failureMessages":[],"meta":{}},{"ancestorTitles":["Tax Gross-Up Calculations","calculatePayslip with tax enabled"],"fullName":"Tax Gross-Up Calculations calculatePayslip with tax enabled should not apply tax when taxEnabled is false","status":"passed","title":"should not apply tax when taxEnabled is false","duration":0.08680000000003929,"failureMessages":[],"meta":{}},{"ancestorTitles":["Tax Gross-Up Calculations","calculatePayslip with tax enabled"],"fullName":"Tax Gross-Up Calculations calculatePayslip with tax enabled should handle tax enabled with PERCENT distribution mode","status":"passed","title":"should handle tax enabled with PERCENT distribution mode","duration":0.07330000000001746,"failureMessages":[],"meta":{}},{"ancestorTitles":["Settlement/Transfer Generation"],"fullName":"Settlement/Transfer Generation should generate multiple transfers in a 3-way settlement","status":"passed","title":"should generate multiple transfers in a 3-way settlement","duration":0.15260000000000673,"failureMessages":[],"meta":{}},{"ancestorTitles":["Settlement/Transfer Generation"],"fullName":"Settlement/Transfer Generation should optimize transfers with multiple debtors and creditors","status":"passed","title":"should optimize transfers with multiple debtors and creditors","duration":0.13940000000002328,"failureMessages":[],"meta":{}},{"ancestorTitles":["Settlement/Transfer Generation"],"fullName":"Settlement/Transfer Generation should handle settlement where everyone breaks even","status":"passed","title":"should handle settlement where everyone breaks even","duration":0.07230000000004111,"failureMessages":[],"meta":{}},{"ancestorTitles":["Settlement/Transfer Generation"],"fullName":"Settlement/Transfer Generation should generate transfers with tax gross-up for multiple transfers","status":"passed","title":"should generate transfers with tax gross-up for multiple transfers","duration":0.14809999999999945,"failureMessages":[],"meta":{}},{"ancestorTitles":["Settlement/Transfer Generation"],"fullName":"Settlement/Transfer Generation should handle settlement with expenses causing negative balances","status":"passed","title":"should handle settlement with expenses causing negative balances","duration":0.1048999999999296,"failureMessages":[],"meta":{}},{"ancestorTitles":["Settlement/Transfer Generation"],"fullName":"Settlement/Transfer Generation should correctly round transfer amounts to 2 decimal places","status":"passed","title":"should correctly round transfer amounts to 2 decimal places","duration":0.10389999999995325,"failureMessages":[],"meta":{}},{"ancestorTitles":["Settlement/Transfer Generation"],"fullName":"Settlement/Transfer Generation should handle one debtor owing multiple creditors with different amounts","status":"passed","title":"should handle one debtor owing multiple creditors with different amounts","duration":0.18010000000003856,"failureMessages":[],"meta":{}},{"ancestorTitles":["Settlement/Transfer Generation"],"fullName":"Settlement/Transfer Generation should handle multiple debtors with one creditor","status":"passed","title":"should handle multiple debtors with one creditor","duration":0.12260000000003402,"failureMessages":[],"meta":{}},{"ancestorTitles":["calculatePayslip - Edge Cases"],"fullName":"calculatePayslip - Edge Cases should handle zero revenue with no investments or expenses","status":"passed","title":"should handle zero revenue with no investments or expenses","duration":0.0684999999999718,"failureMessages":[],"meta":{}},{"ancestorTitles":["calculatePayslip - Edge Cases"],"fullName":"calculatePayslip - Edge Cases should handle all members being inactive","status":"failed","title":"should handle all members being inactive","duration":4.047799999999938,"failureMessages":["Error: Session must have at least one active member to calculate payslip\n    at validateHasActiveMembers (C:/Users/3r4sa/Desktop/Payslip/.auto-claude/worktrees/tasks/003-you-ve-hit-your-limit-resets-2am-europe-berlin/lib/calc.ts:65:11)\n    at validateNormalizedSession (C:/Users/3r4sa/Desktop/Payslip/.auto-claude/worktrees/tasks/003-you-ve-hit-your-limit-resets-2am-europe-berlin/lib/calc.ts:300:3)\n    at calculatePayslip (C:/Users/3r4sa/Desktop/Payslip/.auto-claude/worktrees/tasks/003-you-ve-hit-your-limit-resets-2am-europe-berlin/lib/calc.ts:860:3)\n    at C:/Users/3r4sa/Desktop/Payslip/.auto-claude/worktrees/tasks/003-you-ve-hit-your-limit-resets-2am-europe-berlin/lib/calc.test.ts:2176:20\n    at file:///C:/Users/3r4sa/Desktop/Payslip/.auto-claude/worktrees/tasks/003-you-ve-hit-your-limit-resets-2am-europe-berlin/node_modules/@vitest/runner/dist/index.js:145:11\n    at file:///C:/Users/3r4sa/Desktop/Payslip/.auto-claude/worktrees/tasks/003-you-ve-hit-your-limit-resets-2am-europe-berlin/node_modules/@vitest/runner/dist/index.js:915:26\n    at file:///C:/Users/3r4sa/Desktop/Payslip/.auto-claude/worktrees/tasks/003-you-ve-hit-your-limit-resets-2am-europe-berlin/node_modules/@vitest/runner/dist/index.js:1243:20\n    at new Promise (<anonymous>)\n    at runWithTimeout (file:///C:/Users/3r4sa/Desktop/Payslip/.auto-claude/worktrees/tasks/003-you-ve-hit-your-limit-resets-2am-europe-berlin/node_modules/@vitest/runner/dist/index.js:1209:10)\n    at file:///C:/Users/3r4sa/Desktop/Payslip/.auto-claude/worktrees/tasks/003-you-ve-hit-your-limit-resets-2am-europe-berlin/node_modules/@vitest/runner/dist/index.js:1653:37"],"meta":{}},{"ancestorTitles":["calculatePayslip - Edge Cases"],"fullName":"calculatePayslip - Edge Cases should handle very large revenue numbers","status":"passed","title":"should handle very large revenue numbers","duration":0.12249999999994543,"failureMessages":[],"meta":{}},{"ancestorTitles":["calculatePayslip - Edge Cases"],"fullName":"calculatePayslip - Edge Cases should handle rounding with many members in EQUAL mode","status":"passed","title":"should handle rounding with many members in EQUAL mode","duration":0.14359999999999218,"failureMessages":[],"meta":{}},{"ancestorTitles":["calculatePayslip - Edge Cases"],"fullName":"calculatePayslip - Edge Cases should handle empty members array gracefully","status":"failed","title":"should handle empty members array gracefully","duration":0.19080000000008113,"failureMessages":["Error: Session must have at least one active member to calculate payslip\n    at validateHasActiveMembers (C:/Users/3r4sa/Desktop/Payslip/.auto-claude/worktrees/tasks/003-you-ve-hit-your-limit-resets-2am-europe-berlin/lib/calc.ts:65:11)\n    at validateNormalizedSession (C:/Users/3r4sa/Desktop/Payslip/.auto-claude/worktrees/tasks/003-you-ve-hit-your-limit-resets-2am-europe-berlin/lib/calc.ts:300:3)\n    at calculatePayslip (C:/Users/3r4sa/Desktop/Payslip/.auto-claude/worktrees/tasks/003-you-ve-hit-your-limit-resets-2am-europe-berlin/lib/calc.ts:860:3)\n    at C:/Users/3r4sa/Desktop/Payslip/.auto-claude/worktrees/tasks/003-you-ve-hit-your-limit-resets-2am-europe-berlin/lib/calc.test.ts:2246:20\n    at file:///C:/Users/3r4sa/Desktop/Payslip/.auto-claude/worktrees/tasks/003-you-ve-hit-your-limit-resets-2am-europe-berlin/node_modules/@vitest/runner/dist/index.js:145:11\n    at file:///C:/Users/3r4sa/Desktop/Payslip/.auto-claude/worktrees/tasks/003-you-ve-hit-your-limit-resets-2am-europe-berlin/node_modules/@vitest/runner/dist/index.js:915:26\n    at file:///C:/Users/3r4sa/Desktop/Payslip/.auto-claude/worktrees/tasks/003-you-ve-hit-your-limit-resets-2am-europe-berlin/node_modules/@vitest/runner/dist/index.js:1243:20\n    at new Promise (<anonymous>)\n    at runWithTimeout (file:///C:/Users/3r4sa/Desktop/Payslip/.auto-claude/worktrees/tasks/003-you-ve-hit-your-limit-resets-2am-europe-berlin/node_modules/@vitest/runner/dist/index.js:1209:10)\n    at file:///C:/Users/3r4sa/Desktop/Payslip/.auto-claude/worktrees/tasks/003-you-ve-hit-your-limit-resets-2am-europe-berlin/node_modules/@vitest/runner/dist/index.js:1653:37"],"meta":{}},{"ancestorTitles":["calculatePayslip - Edge Cases"],"fullName":"calculatePayslip - Edge Cases should handle total expenses exceeding revenue","status":"failed","title":"should handle total expenses exceeding revenue","duration":2.3975999999998976,"failureMessages":["AssertionError: expected -1000 to be -250 // Object.is equality\n    at C:/Users/3r4sa/Desktop/Payslip/.auto-claude/worktrees/tasks/003-you-ve-hit-your-limit-resets-2am-europe-berlin/lib/calc.test.ts:2289:29\n    at file:///C:/Users/3r4sa/Desktop/Payslip/.auto-claude/worktrees/tasks/003-you-ve-hit-your-limit-resets-2am-europe-berlin/node_modules/@vitest/runner/dist/index.js:145:11\n    at file:///C:/Users/3r4sa/Desktop/Payslip/.auto-claude/worktrees/tasks/003-you-ve-hit-your-limit-resets-2am-europe-berlin/node_modules/@vitest/runner/dist/index.js:915:26\n    at file:///C:/Users/3r4sa/Desktop/Payslip/.auto-claude/worktrees/tasks/003-you-ve-hit-your-limit-resets-2am-europe-berlin/node_modules/@vitest/runner/dist/index.js:1243:20\n    at new Promise (<anonymous>)\n    at runWithTimeout (file:///C:/Users/3r4sa/Desktop/Payslip/.auto-claude/worktrees/tasks/003-you-ve-hit-your-limit-resets-2am-europe-berlin/node_modules/@vitest/runner/dist/index.js:1209:10)\n    at file:///C:/Users/3r4sa/Desktop/Payslip/.auto-claude/worktrees/tasks/003-you-ve-hit-your-limit-resets-2am-europe-berlin/node_modules/@vitest/runner/dist/index.js:1653:37\n    at Traces.$ (file:///C:/Users/3r4sa/Desktop/Payslip/.auto-claude/worktrees/tasks/003-you-ve-hit-your-limit-resets-2am-europe-berlin/node_modules/vitest/dist/chunks/traces.CCmnQaNT.js:142:27)\n    at trace (file:///C:/Users/3r4sa/Desktop/Payslip/.auto-claude/worktrees/tasks/003-you-ve-hit-your-limit-resets-2am-europe-berlin/node_modules/vitest/dist/chunks/test.B8ej_ZHS.js:239:21)\n    at runTest (file:///C:/Users/3r4sa/Desktop/Payslip/.auto-claude/worktrees/tasks/003-you-ve-hit-your-limit-resets-2am-europe-berlin/node_modules/@vitest/runner/dist/index.js:1653:12)"],"meta":{}},{"ancestorTitles":["calculatePayslip - Edge Cases"],"fullName":"calculatePayslip - Edge Cases should handle individual expense for a member in PERCENT mode","status":"passed","title":"should handle individual expense for a member in PERCENT mode","duration":0.17219999999997526,"failureMessages":[],"meta":{}},{"ancestorTitles":["calculatePayslip - Edge Cases"],"fullName":"calculatePayslip - Edge Cases should handle zero-amount transfers in settlement","status":"passed","title":"should handle zero-amount transfers in settlement","duration":0.08019999999999072,"failureMessages":[],"meta":{}},{"ancestorTitles":["calculatePayslip - Edge Cases"],"fullName":"calculatePayslip - Edge Cases should handle tax rate at exactly 0%","status":"passed","title":"should handle tax rate at exactly 0%","duration":0.04660000000001219,"failureMessages":[],"meta":{}},{"ancestorTitles":["calculatePayslip - Edge Cases"],"fullName":"calculatePayslip - Edge Cases should handle very small decimal amounts","status":"passed","title":"should handle very small decimal amounts","duration":0.07150000000001455,"failureMessages":[],"meta":{}},{"ancestorTitles":["calculatePayslip - Edge Cases"],"fullName":"calculatePayslip - Edge Cases should handle mixed investments with zero revenue in ADJUSTABLE mode","status":"passed","title":"should handle mixed investments with zero revenue in ADJUSTABLE mode","duration":0.0764000000000351,"failureMessages":[],"meta":{}},{"ancestorTitles":["calculatePayslip - Edge Cases"],"fullName":"calculatePayslip - Edge Cases should handle zero total revenue correctly","status":"passed","title":"should handle zero total revenue correctly","duration":0.0684999999999718,"failureMessages":[],"meta":{}},{"ancestorTitles":["calculatePayslip - Edge Cases"],"fullName":"calculatePayslip - Edge Cases should handle zero profit scenario correctly","status":"passed","title":"should handle zero profit scenario correctly","duration":0.04509999999993397,"failureMessages":[],"meta":{}},{"ancestorTitles":["calculatePayslip - Edge Cases"],"fullName":"calculatePayslip - Edge Cases should handle multiple shared expenses with different amounts","status":"passed","title":"should handle multiple shared expenses with different amounts","duration":0.1715000000000373,"failureMessages":[],"meta":{}},{"ancestorTitles":["calculatePayslip - Edge Cases"],"fullName":"calculatePayslip - Edge Cases should handle inactive member with investment and expenses","status":"passed","title":"should handle inactive member with investment and expenses","duration":0.14620000000002165,"failureMessages":[],"meta":{}},{"ancestorTitles":["calculateGrossAmount - Edge Cases"],"fullName":"calculateGrossAmount - Edge Cases should handle zero net amount","status":"passed","title":"should handle zero net amount","duration":0.03300000000001546,"failureMessages":[],"meta":{}},{"ancestorTitles":["calculateGrossAmount - Edge Cases"],"fullName":"calculateGrossAmount - Edge Cases should handle 100% fee rate","status":"failed","title":"should handle 100% fee rate","duration":0.29949999999996635,"failureMessages":["AssertionError: expected 100 to be Infinity // Object.is equality\n    at C:/Users/3r4sa/Desktop/Payslip/.auto-claude/worktrees/tasks/003-you-ve-hit-your-limit-resets-2am-europe-berlin/lib/calc.test.ts:2567:19\n    at file:///C:/Users/3r4sa/Desktop/Payslip/.auto-claude/worktrees/tasks/003-you-ve-hit-your-limit-resets-2am-europe-berlin/node_modules/@vitest/runner/dist/index.js:145:11\n    at file:///C:/Users/3r4sa/Desktop/Payslip/.auto-claude/worktrees/tasks/003-you-ve-hit-your-limit-resets-2am-europe-berlin/node_modules/@vitest/runner/dist/index.js:915:26\n    at file:///C:/Users/3r4sa/Desktop/Payslip/.auto-claude/worktrees/tasks/003-you-ve-hit-your-limit-resets-2am-europe-berlin/node_modules/@vitest/runner/dist/index.js:1243:20\n    at new Promise (<anonymous>)\n    at runWithTimeout (file:///C:/Users/3r4sa/Desktop/Payslip/.auto-claude/worktrees/tasks/003-you-ve-hit-your-limit-resets-2am-europe-berlin/node_modules/@vitest/runner/dist/index.js:1209:10)\n    at file:///C:/Users/3r4sa/Desktop/Payslip/.auto-claude/worktrees/tasks/003-you-ve-hit-your-limit-resets-2am-europe-berlin/node_modules/@vitest/runner/dist/index.js:1653:37\n    at Traces.$ (file:///C:/Users/3r4sa/Desktop/Payslip/.auto-claude/worktrees/tasks/003-you-ve-hit-your-limit-resets-2am-europe-berlin/node_modules/vitest/dist/chunks/traces.CCmnQaNT.js:142:27)\n    at trace (file:///C:/Users/3r4sa/Desktop/Payslip/.auto-claude/worktrees/tasks/003-you-ve-hit-your-limit-resets-2am-europe-berlin/node_modules/vitest/dist/chunks/test.B8ej_ZHS.js:239:21)\n    at runTest (file:///C:/Users/3r4sa/Desktop/Payslip/.auto-claude/worktrees/tasks/003-you-ve-hit-your-limit-resets-2am-europe-berlin/node_modules/@vitest/runner/dist/index.js:1653:12)"],"meta":{}},{"ancestorTitles":["calculateGrossAmount - Edge Cases"],"fullName":"calculateGrossAmount - Edge Cases should handle negative net amount","status":"failed","title":"should handle negative net amount","duration":0.21609999999998308,"failureMessages":["AssertionError: expected -100 to be close to -111.11, received difference is 11.11, but expected 0.005\n    at C:/Users/3r4sa/Desktop/Payslip/.auto-claude/worktrees/tasks/003-you-ve-hit-your-limit-resets-2am-europe-berlin/lib/calc.test.ts:2573:19\n    at file:///C:/Users/3r4sa/Desktop/Payslip/.auto-claude/worktrees/tasks/003-you-ve-hit-your-limit-resets-2am-europe-berlin/node_modules/@vitest/runner/dist/index.js:145:11\n    at file:///C:/Users/3r4sa/Desktop/Payslip/.auto-claude/worktrees/tasks/003-you-ve-hit-your-limit-resets-2am-europe-berlin/node_modules/@vitest/runner/dist/index.js:915:26\n    at file:///C:/Users/3r4sa/Desktop/Payslip/.auto-claude/worktrees/tasks/003-you-ve-hit-your-limit-resets-2am-europe-berlin/node_modules/@vitest/runner/dist/index.js:1243:20\n    at new Promise (<anonymous>)\n    at runWithTimeout (file:///C:/Users/3r4sa/Desktop/Payslip/.auto-claude/worktrees/tasks/003-you-ve-hit-your-limit-resets-2am-europe-berlin/node_modules/@vitest/runner/dist/index.js:1209:10)\n    at file:///C:/Users/3r4sa/Desktop/Payslip/.auto-claude/worktrees/tasks/003-you-ve-hit-your-limit-resets-2am-europe-berlin/node_modules/@vitest/runner/dist/index.js:1653:37\n    at Traces.$ (file:///C:/Users/3r4sa/Desktop/Payslip/.auto-claude/worktrees/tasks/003-you-ve-hit-your-limit-resets-2am-europe-berlin/node_modules/vitest/dist/chunks/traces.CCmnQaNT.js:142:27)\n    at trace (file:///C:/Users/3r4sa/Desktop/Payslip/.auto-claude/worktrees/tasks/003-you-ve-hit-your-limit-resets-2am-europe-berlin/node_modules/vitest/dist/chunks/test.B8ej_ZHS.js:239:21)\n    at runTest (file:///C:/Users/3r4sa/Desktop/Payslip/.auto-claude/worktrees/tasks/003-you-ve-hit-your-limit-resets-2am-europe-berlin/node_modules/@vitest/runner/dist/index.js:1653:12)"],"meta":{}},{"ancestorTitles":["calculateGrossAmount - Edge Cases"],"fullName":"calculateGrossAmount - Edge Cases should handle very small fee rate","status":"failed","title":"should handle very small fee rate","duration":0.22879999999997835,"failureMessages":["AssertionError: expected 102 to be close to 100.01, received difference is 1.9899999999999949, but expected 0.005\n    at C:/Users/3r4sa/Desktop/Payslip/.auto-claude/worktrees/tasks/003-you-ve-hit-your-limit-resets-2am-europe-berlin/lib/calc.test.ts:2579:19\n    at file:///C:/Users/3r4sa/Desktop/Payslip/.auto-claude/worktrees/tasks/003-you-ve-hit-your-limit-resets-2am-europe-berlin/node_modules/@vitest/runner/dist/index.js:145:11\n    at file:///C:/Users/3r4sa/Desktop/Payslip/.auto-claude/worktrees/tasks/003-you-ve-hit-your-limit-resets-2am-europe-berlin/node_modules/@vitest/runner/dist/index.js:915:26\n    at file:///C:/Users/3r4sa/Desktop/Payslip/.auto-claude/worktrees/tasks/003-you-ve-hit-your-limit-resets-2am-europe-berlin/node_modules/@vitest/runner/dist/index.js:1243:20\n    at new Promise (<anonymous>)\n    at runWithTimeout (file:///C:/Users/3r4sa/Desktop/Payslip/.auto-claude/worktrees/tasks/003-you-ve-hit-your-limit-resets-2am-europe-berlin/node_modules/@vitest/runner/dist/index.js:1209:10)\n    at file:///C:/Users/3r4sa/Desktop/Payslip/.auto-claude/worktrees/tasks/003-you-ve-hit-your-limit-resets-2am-europe-berlin/node_modules/@vitest/runner/dist/index.js:1653:37\n    at Traces.$ (file:///C:/Users/3r4sa/Desktop/Payslip/.auto-claude/worktrees/tasks/003-you-ve-hit-your-limit-resets-2am-europe-berlin/node_modules/vitest/dist/chunks/traces.CCmnQaNT.js:142:27)\n    at trace (file:///C:/Users/3r4sa/Desktop/Payslip/.auto-claude/worktrees/tasks/003-you-ve-hit-your-limit-resets-2am-europe-berlin/node_modules/vitest/dist/chunks/test.B8ej_ZHS.js:239:21)\n    at runTest (file:///C:/Users/3r4sa/Desktop/Payslip/.auto-claude/worktrees/tasks/003-you-ve-hit-your-limit-resets-2am-europe-berlin/node_modules/@vitest/runner/dist/index.js:1653:12)"],"meta":{}},{"ancestorTitles":["calculateFeeAmount - Edge Cases"],"fullName":"calculateFeeAmount - Edge Cases should handle zero gross amount","status":"failed","title":"should handle zero gross amount","duration":0.2075000000000955,"failureMessages":["AssertionError: expected -10 to be +0 // Object.is equality\n    at C:/Users/3r4sa/Desktop/Payslip/.auto-claude/worktrees/tasks/003-you-ve-hit-your-limit-resets-2am-europe-berlin/lib/calc.test.ts:2586:17\n    at file:///C:/Users/3r4sa/Desktop/Payslip/.auto-claude/worktrees/tasks/003-you-ve-hit-your-limit-resets-2am-europe-berlin/node_modules/@vitest/runner/dist/index.js:145:11\n    at file:///C:/Users/3r4sa/Desktop/Payslip/.auto-claude/worktrees/tasks/003-you-ve-hit-your-limit-resets-2am-europe-berlin/node_modules/@vitest/runner/dist/index.js:915:26\n    at file:///C:/Users/3r4sa/Desktop/Payslip/.auto-claude/worktrees/tasks/003-you-ve-hit-your-limit-resets-2am-europe-berlin/node_modules/@vitest/runner/dist/index.js:1243:20\n    at new Promise (<anonymous>)\n    at runWithTimeout (file:///C:/Users/3r4sa/Desktop/Payslip/.auto-claude/worktrees/tasks/003-you-ve-hit-your-limit-resets-2am-europe-berlin/node_modules/@vitest/runner/dist/index.js:1209:10)\n    at file:///C:/Users/3r4sa/Desktop/Payslip/.auto-claude/worktrees/tasks/003-you-ve-hit-your-limit-resets-2am-europe-berlin/node_modules/@vitest/runner/dist/index.js:1653:37\n    at Traces.$ (file:///C:/Users/3r4sa/Desktop/Payslip/.auto-claude/worktrees/tasks/003-you-ve-hit-your-limit-resets-2am-europe-berlin/node_modules/vitest/dist/chunks/traces.CCmnQaNT.js:142:27)\n    at trace (file:///C:/Users/3r4sa/Desktop/Payslip/.auto-claude/worktrees/tasks/003-you-ve-hit-your-limit-resets-2am-europe-berlin/node_modules/vitest/dist/chunks/test.B8ej_ZHS.js:239:21)\n    at runTest (file:///C:/Users/3r4sa/Desktop/Payslip/.auto-claude/worktrees/tasks/003-you-ve-hit-your-limit-resets-2am-europe-berlin/node_modules/@vitest/runner/dist/index.js:1653:12)"],"meta":{}},{"ancestorTitles":["calculateFeeAmount - Edge Cases"],"fullName":"calculateFeeAmount - Edge Cases should handle zero fee rate","status":"failed","title":"should handle zero fee rate","duration":0.179300000000012,"failureMessages":["AssertionError: expected 100 to be +0 // Object.is equality\n    at C:/Users/3r4sa/Desktop/Payslip/.auto-claude/worktrees/tasks/003-you-ve-hit-your-limit-resets-2am-europe-berlin/lib/calc.test.ts:2591:17\n    at file:///C:/Users/3r4sa/Desktop/Payslip/.auto-claude/worktrees/tasks/003-you-ve-hit-your-limit-resets-2am-europe-berlin/node_modules/@vitest/runner/dist/index.js:145:11\n    at file:///C:/Users/3r4sa/Desktop/Payslip/.auto-claude/worktrees/tasks/003-you-ve-hit-your-limit-resets-2am-europe-berlin/node_modules/@vitest/runner/dist/index.js:915:26\n    at file:///C:/Users/3r4sa/Desktop/Payslip/.auto-claude/worktrees/tasks/003-you-ve-hit-your-limit-resets-2am-europe-berlin/node_modules/@vitest/runner/dist/index.js:1243:20\n    at new Promise (<anonymous>)\n    at runWithTimeout (file:///C:/Users/3r4sa/Desktop/Payslip/.auto-claude/worktrees/tasks/003-you-ve-hit-your-limit-resets-2am-europe-berlin/node_modules/@vitest/runner/dist/index.js:1209:10)\n    at file:///C:/Users/3r4sa/Desktop/Payslip/.auto-claude/worktrees/tasks/003-you-ve-hit-your-limit-resets-2am-europe-berlin/node_modules/@vitest/runner/dist/index.js:1653:37\n    at Traces.$ (file:///C:/Users/3r4sa/Desktop/Payslip/.auto-claude/worktrees/tasks/003-you-ve-hit-your-limit-resets-2am-europe-berlin/node_modules/vitest/dist/chunks/traces.CCmnQaNT.js:142:27)\n    at trace (file:///C:/Users/3r4sa/Desktop/Payslip/.auto-claude/worktrees/tasks/003-you-ve-hit-your-limit-resets-2am-europe-berlin/node_modules/vitest/dist/chunks/test.B8ej_ZHS.js:239:21)\n    at runTest (file:///C:/Users/3r4sa/Desktop/Payslip/.auto-claude/worktrees/tasks/003-you-ve-hit-your-limit-resets-2am-europe-berlin/node_modules/@vitest/runner/dist/index.js:1653:12)"],"meta":{}},{"ancestorTitles":["calculateFeeAmount - Edge Cases"],"fullName":"calculateFeeAmount - Edge Cases should handle negative gross amount","status":"failed","title":"should handle negative gross amount","duration":0.18829999999991287,"failureMessages":["AssertionError: expected -110 to be -10 // Object.is equality\n    at C:/Users/3r4sa/Desktop/Payslip/.auto-claude/worktrees/tasks/003-you-ve-hit-your-limit-resets-2am-europe-berlin/lib/calc.test.ts:2596:17\n    at file:///C:/Users/3r4sa/Desktop/Payslip/.auto-claude/worktrees/tasks/003-you-ve-hit-your-limit-resets-2am-europe-berlin/node_modules/@vitest/runner/dist/index.js:145:11\n    at file:///C:/Users/3r4sa/Desktop/Payslip/.auto-claude/worktrees/tasks/003-you-ve-hit-your-limit-resets-2am-europe-berlin/node_modules/@vitest/runner/dist/index.js:915:26\n    at file:///C:/Users/3r4sa/Desktop/Payslip/.auto-claude/worktrees/tasks/003-you-ve-hit-your-limit-resets-2am-europe-berlin/node_modules/@vitest/runner/dist/index.js:1243:20\n    at new Promise (<anonymous>)\n    at runWithTimeout (file:///C:/Users/3r4sa/Desktop/Payslip/.auto-claude/worktrees/tasks/003-you-ve-hit-your-limit-resets-2am-europe-berlin/node_modules/@vitest/runner/dist/index.js:1209:10)\n    at file:///C:/Users/3r4sa/Desktop/Payslip/.auto-claude/worktrees/tasks/003-you-ve-hit-your-limit-resets-2am-europe-berlin/node_modules/@vitest/runner/dist/index.js:1653:37\n    at Traces.$ (file:///C:/Users/3r4sa/Desktop/Payslip/.auto-claude/worktrees/tasks/003-you-ve-hit-your-limit-resets-2am-europe-berlin/node_modules/vitest/dist/chunks/traces.CCmnQaNT.js:142:27)\n    at trace (file:///C:/Users/3r4sa/Desktop/Payslip/.auto-claude/worktrees/tasks/003-you-ve-hit-your-limit-resets-2am-europe-berlin/node_modules/vitest/dist/chunks/test.B8ej_ZHS.js:239:21)\n    at runTest (file:///C:/Users/3r4sa/Desktop/Payslip/.auto-claude/worktrees/tasks/003-you-ve-hit-your-limit-resets-2am-europe-berlin/node_modules/@vitest/runner/dist/index.js:1653:12)"],"meta":{}},{"ancestorTitles":["applyTransferTaxes - Edge Cases"],"fullName":"applyTransferTaxes - Edge Cases should handle empty transfers array","status":"passed","title":"should handle empty transfers array","duration":0.05229999999994561,"failureMessages":[],"meta":{}},{"ancestorTitles":["applyTransferTaxes - Edge Cases"],"fullName":"applyTransferTaxes - Edge Cases should handle zero tax rate","status":"passed","title":"should handle zero tax rate","duration":0.04499999999995907,"failureMessages":[],"meta":{}},{"ancestorTitles":["applyTransferTaxes - Edge Cases"],"fullName":"applyTransferTaxes - Edge Cases should handle very small transfer amounts","status":"failed","title":"should handle very small transfer amounts","duration":0.14760000000001128,"failureMessages":["AssertionError: expected 0.01 to be close to 0.0111, received difference is 0.0011000000000000003, but expected 0.00005\n    at C:/Users/3r4sa/Desktop/Payslip/.auto-claude/worktrees/tasks/003-you-ve-hit-your-limit-resets-2am-europe-berlin/lib/calc.test.ts:2639:35\n    at file:///C:/Users/3r4sa/Desktop/Payslip/.auto-claude/worktrees/tasks/003-you-ve-hit-your-limit-resets-2am-europe-berlin/node_modules/@vitest/runner/dist/index.js:145:11\n    at file:///C:/Users/3r4sa/Desktop/Payslip/.auto-claude/worktrees/tasks/003-you-ve-hit-your-limit-resets-2am-europe-berlin/node_modules/@vitest/runner/dist/index.js:915:26\n    at file:///C:/Users/3r4sa/Desktop/Payslip/.auto-claude/worktrees/tasks/003-you-ve-hit-your-limit-resets-2am-europe-berlin/node_modules/@vitest/runner/dist/index.js:1243:20\n    at new Promise (<anonymous>)\n    at runWithTimeout (file:///C:/Users/3r4sa/Desktop/Payslip/.auto-claude/worktrees/tasks/003-you-ve-hit-your-limit-resets-2am-europe-berlin/node_modules/@vitest/runner/dist/index.js:1209:10)\n    at file:///C:/Users/3r4sa/Desktop/Payslip/.auto-claude/worktrees/tasks/003-you-ve-hit-your-limit-resets-2am-europe-berlin/node_modules/@vitest/runner/dist/index.js:1653:37\n    at Traces.$ (file:///C:/Users/3r4sa/Desktop/Payslip/.auto-claude/worktrees/tasks/003-you-ve-hit-your-limit-resets-2am-europe-berlin/node_modules/vitest/dist/chunks/traces.CCmnQaNT.js:142:27)\n    at trace (file:///C:/Users/3r4sa/Desktop/Payslip/.auto-claude/worktrees/tasks/003-you-ve-hit-your-limit-resets-2am-europe-berlin/node_modules/vitest/dist/chunks/test.B8ej_ZHS.js:239:21)\n    at runTest (file:///C:/Users/3r4sa/Desktop/Payslip/.auto-claude/worktrees/tasks/003-you-ve-hit-your-limit-resets-2am-europe-berlin/node_modules/@vitest/runner/dist/index.js:1653:12)"],"meta":{}},{"ancestorTitles":["applyTransferTaxes - Edge Cases"],"fullName":"applyTransferTaxes - Edge Cases should handle multiple transfers with rounding","status":"failed","title":"should handle multiple transfers with rounding","duration":0.21069999999997435,"failureMessages":["AssertionError: expected 33.33 to be close to 35.084210526315786, received difference is 1.7542105263157879, but expected 0.005\n    at C:/Users/3r4sa/Desktop/Payslip/.auto-claude/worktrees/tasks/003-you-ve-hit-your-limit-resets-2am-europe-berlin/lib/calc.test.ts:2676:36\n    at Array.forEach (<anonymous>)\n    at C:/Users/3r4sa/Desktop/Payslip/.auto-claude/worktrees/tasks/003-you-ve-hit-your-limit-resets-2am-europe-berlin/lib/calc.test.ts:2672:12\n    at file:///C:/Users/3r4sa/Desktop/Payslip/.auto-claude/worktrees/tasks/003-you-ve-hit-your-limit-resets-2am-europe-berlin/node_modules/@vitest/runner/dist/index.js:145:11\n    at file:///C:/Users/3r4sa/Desktop/Payslip/.auto-claude/worktrees/tasks/003-you-ve-hit-your-limit-resets-2am-europe-berlin/node_modules/@vitest/runner/dist/index.js:915:26\n    at file:///C:/Users/3r4sa/Desktop/Payslip/.auto-claude/worktrees/tasks/003-you-ve-hit-your-limit-resets-2am-europe-berlin/node_modules/@vitest/runner/dist/index.js:1243:20\n    at new Promise (<anonymous>)\n    at runWithTimeout (file:///C:/Users/3r4sa/Desktop/Payslip/.auto-claude/worktrees/tasks/003-you-ve-hit-your-limit-resets-2am-europe-berlin/node_modules/@vitest/runner/dist/index.js:1209:10)\n    at file:///C:/Users/3r4sa/Desktop/Payslip/.auto-claude/worktrees/tasks/003-you-ve-hit-your-limit-resets-2am-europe-berlin/node_modules/@vitest/runner/dist/index.js:1653:37\n    at Traces.$ (file:///C:/Users/3r4sa/Desktop/Payslip/.auto-claude/worktrees/tasks/003-you-ve-hit-your-limit-resets-2am-europe-berlin/node_modules/vitest/dist/chunks/traces.CCmnQaNT.js:142:27)"],"meta":{}}],"startTime":1769280220379,"endTime":1769280220396.2107,"status":"failed","message":"","name":"C:/Users/3r4sa/Desktop/Payslip/.auto-claude/worktrees/tasks/003-you-ve-hit-your-limit-resets-2am-europe-berlin/lib/calc.test.ts"}],"coverageMap":{"C:\\Users\\3r4sa\\Desktop\\Payslip\\.auto-claude\\worktrees\\tasks\\003-you-ve-hit-your-limit-resets-2am-europe-berlin\\lib\\calc.ts":{"path":"C:\\Users\\3r4sa\\Desktop\\Payslip\\.auto-claude\\worktrees\\tasks\\003-you-ve-hit-your-limit-resets-2am-europe-berlin\\lib\\calc.ts","statementMap":{"0":{"start":{"line":63,"column":24},"end":{"line":63,"column":null}},"1":{"start":{"line":63,"column":46},"end":{"line":63,"column":54}},"2":{"start":{"line":64,"column":2},"end":{"line":68,"column":null}},"3":{"start":{"line":65,"column":4},"end":{"line":67,"column":null}},"4":{"start":{"line":83,"column":2},"end":{"line":83,"column":null}},"5":{"start":{"line":83,"column":26},"end":{"line":83,"column":null}},"6":{"start":{"line":85,"column":24},"end":{"line":85,"column":null}},"7":{"start":{"line":85,"column":46},"end":{"line":85,"column":54}},"8":{"start":{"line":86,"column":23},"end":{"line":88,"column":null}},"9":{"start":{"line":87,"column":4},"end":{"line":87,"column":null}},"10":{"start":{"line":91,"column":18},"end":{"line":91,"column":null}},"11":{"start":{"line":92,"column":2},"end":{"line":96,"column":null}},"12":{"start":{"line":93,"column":4},"end":{"line":95,"column":null}},"13":{"start":{"line":106,"column":2},"end":{"line":113,"column":null}},"14":{"start":{"line":106,"column":15},"end":{"line":106,"column":18}},"15":{"start":{"line":107,"column":19},"end":{"line":107,"column":null}},"16":{"start":{"line":108,"column":4},"end":{"line":112,"column":null}},"17":{"start":{"line":109,"column":6},"end":{"line":111,"column":null}},"18":{"start":{"line":124,"column":2},"end":{"line":135,"column":null}},"19":{"start":{"line":125,"column":4},"end":{"line":129,"column":null}},"20":{"start":{"line":126,"column":6},"end":{"line":128,"column":null}},"21":{"start":{"line":130,"column":4},"end":{"line":134,"column":null}},"22":{"start":{"line":131,"column":6},"end":{"line":133,"column":null}},"23":{"start":{"line":138,"column":2},"end":{"line":146,"column":null}},"24":{"start":{"line":139,"column":4},"end":{"line":145,"column":null}},"25":{"start":{"line":140,"column":6},"end":{"line":144,"column":null}},"26":{"start":{"line":141,"column":8},"end":{"line":143,"column":null}},"27":{"start":{"line":149,"column":2},"end":{"line":157,"column":null}},"28":{"start":{"line":150,"column":4},"end":{"line":156,"column":null}},"29":{"start":{"line":151,"column":6},"end":{"line":155,"column":null}},"30":{"start":{"line":152,"column":8},"end":{"line":154,"column":null}},"31":{"start":{"line":167,"column":2},"end":{"line":167,"column":null}},"32":{"start":{"line":167,"column":29},"end":{"line":167,"column":null}},"33":{"start":{"line":168,"column":2},"end":{"line":172,"column":null}},"34":{"start":{"line":169,"column":4},"end":{"line":171,"column":null}},"35":{"start":{"line":187,"column":2},"end":{"line":187,"column":null}},"36":{"start":{"line":211,"column":2},"end":{"line":221,"column":null}},"37":{"start":{"line":232,"column":2},"end":{"line":232,"column":null}},"38":{"start":{"line":232,"column":40},"end":{"line":232,"column":70}},"39":{"start":{"line":253,"column":2},"end":{"line":265,"column":null}},"40":{"start":{"line":281,"column":2},"end":{"line":281,"column":null}},"41":{"start":{"line":284,"column":2},"end":{"line":284,"column":null}},"42":{"start":{"line":287,"column":2},"end":{"line":287,"column":null}},"43":{"start":{"line":300,"column":2},"end":{"line":300,"column":null}},"44":{"start":{"line":303,"column":2},"end":{"line":303,"column":null}},"45":{"start":{"line":330,"column":2},"end":{"line":332,"column":null}},"46":{"start":{"line":331,"column":4},"end":{"line":331,"column":null}},"47":{"start":{"line":335,"column":25},"end":{"line":335,"column":null}},"48":{"start":{"line":337,"column":2},"end":{"line":340,"column":null}},"49":{"start":{"line":337,"column":40},"end":{"line":340,"column":4}},"50":{"start":{"line":356,"column":2},"end":{"line":358,"column":null}},"51":{"start":{"line":357,"column":4},"end":{"line":357,"column":null}},"52":{"start":{"line":360,"column":2},"end":{"line":369,"column":null}},"53":{"start":{"line":361,"column":25},"end":{"line":361,"column":null}},"54":{"start":{"line":363,"column":25},"end":{"line":363,"column":null}},"55":{"start":{"line":365,"column":4},"end":{"line":368,"column":null}},"56":{"start":{"line":388,"column":2},"end":{"line":390,"column":null}},"57":{"start":{"line":389,"column":4},"end":{"line":389,"column":null}},"58":{"start":{"line":392,"column":40},"end":{"line":392,"column":null}},"59":{"start":{"line":393,"column":24},"end":{"line":393,"column":null}},"60":{"start":{"line":398,"column":29},"end":{"line":400,"column":null}},"61":{"start":{"line":399,"column":11},"end":{"line":399,"column":null}},"62":{"start":{"line":401,"column":22},"end":{"line":401,"column":null}},"63":{"start":{"line":401,"column":50},"end":{"line":401,"column":72}},"64":{"start":{"line":404,"column":2},"end":{"line":411,"column":null}},"65":{"start":{"line":405,"column":19},"end":{"line":405,"column":null}},"66":{"start":{"line":406,"column":4},"end":{"line":409,"column":null}},"67":{"start":{"line":410,"column":4},"end":{"line":410,"column":null}},"68":{"start":{"line":417,"column":23},"end":{"line":420,"column":null}},"69":{"start":{"line":418,"column":16},"end":{"line":418,"column":null}},"70":{"start":{"line":421,"column":27},"end":{"line":421,"column":null}},"71":{"start":{"line":424,"column":2},"end":{"line":472,"column":null}},"72":{"start":{"line":427,"column":29},"end":{"line":427,"column":null}},"73":{"start":{"line":427,"column":53},"end":{"line":427,"column":76}},"74":{"start":{"line":429,"column":4},"end":{"line":471,"column":null}},"75":{"start":{"line":433,"column":27},"end":{"line":436,"column":null}},"76":{"start":{"line":434,"column":20},"end":{"line":434,"column":null}},"77":{"start":{"line":438,"column":6},"end":{"line":456,"column":null}},"78":{"start":{"line":439,"column":29},"end":{"line":439,"column":null}},"79":{"start":{"line":440,"column":27},"end":{"line":440,"column":null}},"80":{"start":{"line":444,"column":24},"end":{"line":444,"column":null}},"81":{"start":{"line":445,"column":8},"end":{"line":447,"column":null}},"82":{"start":{"line":446,"column":10},"end":{"line":446,"column":null}},"83":{"start":{"line":450,"column":28},"end":{"line":450,"column":null}},"84":{"start":{"line":452,"column":8},"end":{"line":455,"column":null}},"85":{"start":{"line":459,"column":25},"end":{"line":459,"column":null}},"86":{"start":{"line":461,"column":6},"end":{"line":470,"column":null}},"87":{"start":{"line":462,"column":27},"end":{"line":462,"column":null}},"88":{"start":{"line":464,"column":28},"end":{"line":464,"column":null}},"89":{"start":{"line":466,"column":8},"end":{"line":469,"column":null}},"90":{"start":{"line":474,"column":2},"end":{"line":474,"column":null}},"91":{"start":{"line":498,"column":2},"end":{"line":512,"column":null}},"92":{"start":{"line":500,"column":6},"end":{"line":500,"column":null}},"93":{"start":{"line":501,"column":6},"end":{"line":501,"column":null}},"94":{"start":{"line":503,"column":6},"end":{"line":503,"column":null}},"95":{"start":{"line":504,"column":6},"end":{"line":504,"column":null}},"96":{"start":{"line":506,"column":6},"end":{"line":506,"column":null}},"97":{"start":{"line":507,"column":6},"end":{"line":507,"column":null}},"98":{"start":{"line":510,"column":33},"end":{"line":510,"column":null}},"99":{"start":{"line":511,"column":6},"end":{"line":511,"column":null}},"100":{"start":{"line":515,"column":17},"end":{"line":515,"column":null}},"101":{"start":{"line":516,"column":2},"end":{"line":518,"column":null}},"102":{"start":{"line":517,"column":4},"end":{"line":517,"column":null}},"103":{"start":{"line":520,"column":2},"end":{"line":520,"column":null}},"104":{"start":{"line":559,"column":2},"end":{"line":565,"column":null}},"105":{"start":{"line":560,"column":4},"end":{"line":564,"column":null}},"106":{"start":{"line":560,"column":33},"end":{"line":564,"column":6}},"107":{"start":{"line":569,"column":2},"end":{"line":575,"column":null}},"108":{"start":{"line":570,"column":4},"end":{"line":574,"column":null}},"109":{"start":{"line":570,"column":33},"end":{"line":574,"column":6}},"110":{"start":{"line":577,"column":2},"end":{"line":590,"column":null}},"111":{"start":{"line":582,"column":24},"end":{"line":582,"column":null}},"112":{"start":{"line":583,"column":22},"end":{"line":583,"column":null}},"113":{"start":{"line":585,"column":4},"end":{"line":589,"column":null}},"114":{"start":{"line":605,"column":2},"end":{"line":607,"column":null}},"115":{"start":{"line":606,"column":4},"end":{"line":606,"column":null}},"116":{"start":{"line":608,"column":2},"end":{"line":608,"column":null}},"117":{"start":{"line":622,"column":2},"end":{"line":622,"column":null}},"118":{"start":{"line":657,"column":18},"end":{"line":657,"column":null}},"119":{"start":{"line":662,"column":36},"end":{"line":665,"column":null}},"120":{"start":{"line":662,"column":65},"end":{"line":665,"column":4}},"121":{"start":{"line":668,"column":18},"end":{"line":671,"column":null}},"122":{"start":{"line":669,"column":19},"end":{"line":669,"column":39}},"123":{"start":{"line":670,"column":17},"end":{"line":670,"column":47}},"124":{"start":{"line":671,"column":20},"end":{"line":671,"column":41}},"125":{"start":{"line":673,"column":20},"end":{"line":675,"column":null}},"126":{"start":{"line":674,"column":19},"end":{"line":674,"column":38}},"127":{"start":{"line":675,"column":20},"end":{"line":675,"column":41}},"128":{"start":{"line":677,"column":32},"end":{"line":677,"column":null}},"129":{"start":{"line":680,"column":18},"end":{"line":680,"column":null}},"130":{"start":{"line":681,"column":20},"end":{"line":681,"column":null}},"131":{"start":{"line":683,"column":2},"end":{"line":726,"column":null}},"132":{"start":{"line":684,"column":19},"end":{"line":684,"column":null}},"133":{"start":{"line":685,"column":21},"end":{"line":685,"column":null}},"134":{"start":{"line":688,"column":22},"end":{"line":688,"column":null}},"135":{"start":{"line":690,"column":4},"end":{"line":717,"column":null}},"136":{"start":{"line":695,"column":6},"end":{"line":704,"column":null}},"137":{"start":{"line":698,"column":8},"end":{"line":698,"column":null}},"138":{"start":{"line":699,"column":8},"end":{"line":699,"column":null}},"139":{"start":{"line":702,"column":8},"end":{"line":702,"column":null}},"140":{"start":{"line":703,"column":8},"end":{"line":703,"column":null}},"141":{"start":{"line":706,"column":6},"end":{"line":712,"column":null}},"142":{"start":{"line":715,"column":6},"end":{"line":715,"column":null}},"143":{"start":{"line":716,"column":6},"end":{"line":716,"column":null}},"144":{"start":{"line":720,"column":4},"end":{"line":722,"column":null}},"145":{"start":{"line":721,"column":6},"end":{"line":721,"column":null}},"146":{"start":{"line":723,"column":4},"end":{"line":725,"column":null}},"147":{"start":{"line":724,"column":6},"end":{"line":724,"column":null}},"148":{"start":{"line":728,"column":2},"end":{"line":728,"column":null}},"149":{"start":{"line":751,"column":21},"end":{"line":751,"column":null}},"150":{"start":{"line":754,"column":2},"end":{"line":756,"column":null}},"151":{"start":{"line":755,"column":4},"end":{"line":
[...]
mn":29},"end":{"line":439,"column":null}},"type":"binary-expr","locations":[{"start":{"line":439,"column":29},"end":{"line":439,"column":52}},{"start":{"line":439,"column":52},"end":{"line":439,"column":null}}],"line":439},"42":{"loc":{"start":{"line":440,"column":27},"end":{"line":440,"column":null}},"type":"binary-expr","locations":[{"start":{"line":440,"column":27},"end":{"line":440,"column":48}},{"start":{"line":440,"column":48},"end":{"line":440,"column":null}}],"line":440},"43":{"loc":{"start":{"line":445,"column":8},"end":{"line":447,"column":null}},"type":"if","locations":[{"start":{"line":445,"column":8},"end":{"line":447,"column":null}},{"start":{},"end":{}}],"line":445},"44":{"loc":{"start":{"line":462,"column":27},"end":{"line":462,"column":null}},"type":"binary-expr","locations":[{"start":{"line":462,"column":27},"end":{"line":462,"column":48}},{"start":{"line":462,"column":48},"end":{"line":462,"column":null}}],"line":462},"45":{"loc":{"start":{"line":498,"column":2},"end":{"line":512,"column":null}},"type":"switch","locations":[{"start":{"line":499,"column":4},"end":{"line":501,"column":null}},{"start":{"line":502,"column":4},"end":{"line":504,"column":null}},{"start":{"line":505,"column":4},"end":{"line":507,"column":null}},{"start":{"line":508,"column":4},"end":{"line":511,"column":null}}],"line":498},"46":{"loc":{"start":{"line":559,"column":2},"end":{"line":565,"column":null}},"type":"if","locations":[{"start":{"line":559,"column":2},"end":{"line":565,"column":null}},{"start":{},"end":{}}],"line":559},"47":{"loc":{"start":{"line":569,"column":2},"end":{"line":575,"column":null}},"type":"if","locations":[{"start":{"line":569,"column":2},"end":{"line":575,"column":null}},{"start":{},"end":{}}],"line":569},"48":{"loc":{"start":{"line":605,"column":2},"end":{"line":607,"column":null}},"type":"if","locations":[{"start":{"line":605,"column":2},"end":{"line":607,"column":null}},{"start":{},"end":{}}],"line":605},"49":{"loc":{"start":{"line":605,"column":6},"end":{"line":605,"column":36}},"type":"binary-expr","locations":[{"start":{"line":605,"column":6},"end":{"line":605,"column":22}},{"start":{"line":605,"column":22},"end":{"line":605,"column":36}}],"line":605},"50":{"loc":{"start":{"line":654,"column":2},"end":{"line":654,"column":null}},"type":"default-arg","locations":[{"start":{"line":654,"column":20},"end":{"line":654,"column":null}}],"line":654},"51":{"loc":{"start":{"line":683,"column":9},"end":{"line":683,"column":71}},"type":"binary-expr","locations":[{"start":{"line":683,"column":9},"end":{"line":683,"column":39}},{"start":{"line":683,"column":39},"end":{"line":683,"column":71}}],"line":683},"52":{"loc":{"start":{"line":690,"column":4},"end":{"line":717,"column":null}},"type":"if","locations":[{"start":{"line":690,"column":4},"end":{"line":717,"column":null}},{"start":{},"end":{}}],"line":690},"53":{"loc":{"start":{"line":695,"column":6},"end":{"line":704,"column":null}},"type":"if","locations":[{"start":{"line":695,"column":6},"end":{"line":704,"column":null}},{"start":{"line":700,"column":13},"end":{"line":704,"column":null}}],"line":695},"54":{"loc":{"start":{"line":695,"column":10},"end":{"line":695,"column":38}},"type":"binary-expr","locations":[{"start":{"line":695,"column":10},"end":{"line":695,"column":25}},{"start":{"line":695,"column":25},"end":{"line":695,"column":38}}],"line":695},"55":{"loc":{"start":{"line":720,"column":4},"end":{"line":722,"column":null}},"type":"if","locations":[{"start":{"line":720,"column":4},"end":{"line":722,"column":null}},{"start":{},"end":{}}],"line":720},"56":{"loc":{"start":{"line":723,"column":4},"end":{"line":725,"column":null}},"type":"if","locations":[{"start":{"line":723,"column":4},"end":{"line":725,"column":null}},{"start":{},"end":{}}],"line":723},"57":{"loc":{"start":{"line":767,"column":4},"end":{"line":776,"column":null}},"type":"if","locations":[{"start":{"line":767,"column":4},"end":{"line":776,"column":null}},{"start":{"line":773,"column":11},"end":{"line":776,"column":null}}],"line":767},"58":{"loc":{"start":{"line":767,"column":8},"end":{"line":767,"column":69}},"type":"binary-expr","locations":[{"start":{"line":767,"column":8},"end":{"line":767,"column":34}},{"start":{"line":767,"column":34},"end":{"line":767,"column":69}}],"line":767},"59":{"loc":{"start":{"line":779,"column":4},"end":{"line":781,"column":null}},"type":"if","locations":[{"start":{"line":779,"column":4},"end":{"line":781,"column":null}},{"start":{},"end":{}}],"line":779},"60":{"loc":{"start":{"line":787,"column":22},"end":{"line":787,"column":null}},"type":"binary-expr","locations":[{"start":{"line":787,"column":22},"end":{"line":787,"column":55}},{"start":{"line":787,"column":55},"end":{"line":787,"column":null}}],"line":787},"61":{"loc":{"start":{"line":816,"column":20},"end":{"line":816,"column":null}},"type":"binary-expr","locations":[{"start":{"line":816,"column":20},"end":{"line":816,"column":56}},{"start":{"line":816,"column":56},"end":{"line":816,"column":null}}],"line":816},"62":{"loc":{"start":{"line":870,"column":4},"end":{"line":871,"column":null}},"type":"binary-expr","locations":[{"start":{"line":870,"column":4},"end":{"line":870,"column":null}},{"start":{"line":871,"column":4},"end":{"line":871,"column":null}}],"line":870},"63":{"loc":{"start":{"line":926,"column":33},"end":{"line":926,"column":null}},"type":"binary-expr","locations":[{"start":{"line":926,"column":33},"end":{"line":926,"column":70}},{"start":{"line":926,"column":70},"end":{"line":926,"column":null}}],"line":926},"64":{"loc":{"start":{"line":930,"column":6},"end":{"line":930,"column":null}},"type":"binary-expr","locations":[{"start":{"line":930,"column":6},"end":{"line":930,"column":47}},{"start":{"line":930,"column":47},"end":{"line":930,"column":null}}],"line":930},"65":{"loc":{"start":{"line":936,"column":24},"end":{"line":936,"column":null}},"type":"binary-expr","locations":[{"start":{"line":936,"column":24},"end":{"line":936,"column":56}},{"start":{"line":936,"column":56},"end":{"line":936,"column":null}}],"line":936},"66":{"loc":{"start":{"line":947,"column":12},"end":{"line":947,"column":null}},"type":"binary-expr","locations":[{"start":{"line":947,"column":12},"end":{"line":947,"column":22}},{"start":{"line":947,"column":22},"end":{"line":947,"column":null}}],"line":947},"67":{"loc":{"start":{"line":963,"column":30},"end":{"line":963,"column":null}},"type":"cond-expr","locations":[{"start":{"line":963,"column":54},"end":{"line":963,"column":75}},{"start":{"line":963,"column":75},"end":{"line":963,"column":null}}],"line":963}},"s":{"0":226,"1":535,"2":226,"3":2,"4":224,"5":198,"6":26,"7":55,"8":26,"9":54,"10":26,"11":26,"12":3,"13":231,"14":231,"15":543,"16":543,"17":2,"18":229,"19":539,"20":1,"21":538,"22":1,"23":227,"24":179,"25":17,"26":0,"27":227,"28":175,"29":34,"30":1,"31":226,"32":56,"33":170,"34":0,"35":0,"36":535,"37":226,"38":535,"39":226,"40":231,"41":231,"42":231,"43":226,"44":226,"45":173,"46":0,"47":173,"48":173,"49":415,"50":23,"51":0,"52":23,"53":48,"54":48,"55":48,"56":25,"57":0,"58":25,"59":25,"60":25,"61":59,"62":25,"63":59,"64":25,"65":22,"66":22,"67":22,"68":25,"69":37,"70":25,"71":25,"72":24,"73":35,"74":24,"75":2,"76":4,"77":2,"78":4,"79":4,"80":4,"81":4,"82":4,"83":4,"84":4,"85":22,"86":22,"87":33,"88":33,"89":33,"90":25,"91":221,"92":173,"93":173,"94":23,"95":23,"96":25,"97":25,"98":0,"99":0,"100":221,"101":221,"102":522,"103":221,"104":9,"105":3,"106":3,"107":6,"108":4,"109":5,"110":2,"111":3,"112":3,"113":3,"114":10,"115":7,"116":3,"117":5,"118":221,"119":221,"120":527,"121":221,"122":527,"123":33,"124":12,"125":221,"126":527,"127":85,"128":221,"129":221,"130":221,"131":221,"132":17,"133":17,"134":17,"135":17,"136":17,"137":5,"138":5,"139":12,"140":12,"141":17,"142":17,"143":17,"144":17,"145":13,"146":17,"147":13,"148":221,"149":221,"150":221,"151":527,"152":221,"153":527,"154":522,"155":221,"156":17,"157":1,"158":2,"159":3,"160":16,"161":17,"162":0,"163":17,"164":17,"165":34,"166":34,"167":221,"168":221,"169":221,"170":527,"171":221,"172":33,"173":33,"174":221,"175":231,"176":231,"177":231,"178":231,"179":527,"180":231,"181":390,"182":231,"183":527,"184":231,"185":231,"186":231,"187":231,"188":17,"189":231,"190":33,"191":231,"192":231,"193":231,"194":231,"195":527,"196":527,"197":527,"198":527,"199":527,"200":527,"201":231,"202":231,"203":231},"f":{"0":226,"1":535,"2":224,"3":55,"4":54,"5":231,"6":229,"7":226,"8":0,"9":535,"10":226,"11":535,"12":226,"13":231,"14":226,"15":173,"16":415,"17":23,"18":48,"19":25,"20":59,"21":59,"22":37,"23":35,"24":4,"25":221,"26":9,"27":3,"28":5,"29":3,"30":10,"31":5,"32":221,"33":527,"34":527,"35":33,"36":12,"37":527,"38":85,"39":221,"40":527,"41":522,"42":2,"43":3,"44":221,"45":231,"46":527,"47":390,"48":527,"49":17,"50":33,"51":527},"b":{"0":[2,224],"1":[198,26],"2":[54,0],"3":[3,23],"4":[2,541],"5":[543,542],"6":[1,538],"7":[539,539],"8":[1,537],"9":[538,445],"10":[179,48],"11":[0,17],"12":[175,52],"13":[1,33],"14":[56,170],"15":[0,170],"16":[170,170],"17":[535,0],"18":[535,67],"19":[535,0],"20":[535,0],"21":[535,93],"22":[535,472],"23":[535,529],"24":[535,512],"25":[226,226],"26":[226,61],"27":[226,165],"28":[226,0],"29":[226,56],"30":[226,48],"31":[226,52],"32":[0,173],"33":[0,23],"34":[48,0],"35":[0,25],"36":[22,0],"37":[37,32],"38":[24,1],"39":[2,22],"40":[4,0],"41":[4,0],"42":[4,4],"43":[4,0],"44":[33,28],"45":[173,23,25,0],"46":[3,6],"47":[4,2],"48":[7,3],"49":[10,8],"50":[221],"51":[221,27],"52":[17,0],"53":[5,12],"54":[17,5],"55":[13,4],"56":[13,4],"57":[1,16],"58":[17,1],"59":[0,17],"60":[34,0],"61":[33,0],"62":[231,163],"63":[527,0],"64":[527,0],"65":[527,5],"66":[527,67],"67":[159,62]},"meta":{"lastBranch":68,"lastFunction":52,"lastStatement":204,"seen":{"f:62:16:62:41":0,"s:63:24:63:Infinity":0,"f:63:39:63:40":1,"s:63:46:63:54":1,"b:64:2:68:Infinity:undefined:undefined:undefined:undefined":0,"s:64:2:68:Infinity":2,"s:65:4:67:Infinity":3,"f:79:16:79:Infinity":2,"b:83:2:83:Infinity:undefined:undefined:undefined:undefined":1,"s:83:2:83:Infinity":4,"s:83:26:83:Infinity":5,"s:85:24:85:Infinity":6,"f:85:39:85:40":3,"s:85:46:85:54":7,"s:86:23:88:Infinity":8,"f:86:44:86:45":4,"s:87:4:87:Infinity":9,"b:87:18:87:36:87:36:87:Infinity":2,"s:91:18:91:Infinity":10,"b:92:2:96:Infinity:undefined:undefined:undefined:undefined":3,"s:92:2:96:Infinity":11,"s:93:4:95:Infinity":12,"f:105:16:105:38":5,"s:106:2:113:Infinity":13,"s:106:15:106:18":14,"s:107:19:107:Infinity":15,"b:108:4:112:Infinity:undefined:undefined:undefined:undefined":4,"s:108:4:112:Infinity":16,"b:108:8:108:26:108:26:108:55":5,"s:109:6:111:Infinity":17,"f:122:16:122:42":6,"s:124:2:135:Infinity":18,"b:125:4:129:Infinity:undefined:undefined:undefined:undefined":6,"s:125:4:129:Infinity":19,"b:125:8:125:40:125:40:125:60":7,"s:126:6:128:Infinity":20,"b:130:4:134:Infinity:undefined:undefined:undefined:undefined":8,"s:130:4:134:Infinity":21,"b:130:8:130:43:130:43:130:66":9,"s:131:6:133:Infinity":22,"b:138:2:146:Infinity:undefined:undefined:undefined:undefined":10,"s:138:2:146:Infinity":23,"s:139:4:145:Infinity":24,"b:140:6:144:Infinity:undefined:undefined:undefined:undefined":11,"s:140:6:144:Infinity":25,"s:141:8:143:Infinity":26,"b:149:2:157:Infinity:undefined:undefined:undefined:undefined":12,"s:149:2:157:Infinity":27,"s:150:4:156:Infinity":28,"b:151:6:155:Infinity:undefined:undefined:undefined:undefined":13,"s:151:6:155:Infinity":29,"s:152:8:154:Infinity":30,"f:166:16:166:32":7,"b:167:2:167:Infinity:undefined:undefined:undefined:undefined":14,"s:167:2:167:Infinity":31,"s:167:29:167:Infinity":32,"b:168:2:172:Infinity:undefined:undefined:undefined:undefined":15,"s:168:2:172:Infinity":33,"b:168:6:168:21:168:21:168:34":16,"s:169:4:171:Infinity":34,"f:186:9:186:26":8,"s:187:2:187:Infinity":35,"f:207:16:207:Infinity":9,"s:211:2:221:Infinity":36,"b:212:8:212:21:212:21:212:Infinity":17,"b:214:10:214:25:214:25:214:Infinity":18,"b:215:12:215:29:215:29:215:Infinity":19,"b:216:13:216:31:216:31:216:Infinity":20,"b:217:16:217:37:217:37:217:Infinity":21,"b:218:18:218:41:218:41:218:Infinity":22,"b:219:16:219:37:219:37:219:Infinity":23,"b:220:17:220:39:220:39:220:Infinity":24,"f:231:16:231:33":10,"s:232:2:232:Infinity":37,"f:232:21:232:22":11,"s:232:40:232:70":38,"f:250:16:250:Infinity":12,"s:253:2:265:Infinity":39,"b:254:8:254:22:254:22:254:Infinity":25,"b:257:14:257:34:257:34:257:Infinity":26,"b:258:18:258:42:258:42:258:Infinity":27,"b:260:16:260:38:260:38:260:Infinity":28,"b:261:13:261:32:261:32:261:Infinity":29,"b:263:20:263:46:263:46:263:Infinity":30,"b:264:24:264:54:264:54:264:Infinity":31,"f:279:16:279:37":13,"s:281:2:281:Infinity":40,"s:284:2:284:Infinity":41,"s:287:2:287:Infinity":42,"f:296:16:296:Infinity":14,"s:300:2:300:Infinity":43,"s:303:2:303:Infinity":44,"f:326:9:326:Infinity":15,"b:330:2:332:Infinity:undefined:undefined:undefined:undefined":32,"s:330:2:332:Infinity":45,"s:331:4:331:Infinity":46,"s:335:25:335:Infinity":47,"s:337:2:340:Infinity":48,"f:337:27:337:28":16,"s:337:40:340:4":49,"f:352:9:352:Infinity":17,"b:356:2:358:Infinity:undefined:undefined:undefined:undefined":33,"s:356:2:358:Infinity":50,"s:357:4:357:Infinity":51,"s:360:2:369:Infinity":52,"f:360:27:360:28":18,"s:361:25:361:Infinity":53,"b:361:25:361:48:361:48:361:Infinity":34,"s:363:25:363:Infinity":54,"s:365:4:368:Infinity":55,"f:384:9:384:Infinity":19,"b:388:2:390:Infinity:undefined:undefined:undefined:undefined":35,"s:388:2:390:Infinity":56,"s:389:4:389:Infinity":57,"s:392:40:392:Infinity":58,"s:393:24:393:Infinity":59,"s:398:29:400:Infinity":60,"f:399:4:399:5":20,"s:399:11:399:Infinity":61,"s:401:22:401:Infinity":62,"f:401:43:401:44":21,"s:401:50:401:72":63,"s:404:2:411:Infinity":64,"s:405:19:405:Infinity":65,"b:405:19:405:41:405:41:405:Infinity":36,"s:406:4:409:Infinity":66,"s:410:4:410:Infinity":67,"s:417:23:420:Infinity":68,"f:418:4:418:5":22,"s:418:16:418:Infinity":69,"b:418:23:418:39:418:39:418:Infinity":37,"s:421:27:421:Infinity":70,"b:424:2:472:Infinity:undefined:undefined:undefined:undefined":38,"s:424:2:472:Infinity":71,"s:427:29:427:Infinity":72,"f:427:46:427:47":23,"s:427:53:427:76":73,"b:429:4:471:Infinity:457:11:471:Infinity":39,"s:429:4:471:Infinity":74,"s:433:27:436:Infinity":75,"f:434:8:434:9":24,"s:434:20:434:Infinity":76,"b:434:27:434:45:434:45:434:Infinity":40,"s:438:6:456:Infinity":77,"s:439:29:439:Infinity":78,"b:439:29:439:52:439:52:439:Infinity":41,"s:440:27:440:Infinity":79,"b:440:27:440:48:440:48:440:Infinity":42,"s:444:24:444:Infinity":80,"b:445:8:447:Infinity:undefined:undefined:undefined:undefined":43,"s:445:8:447:Infinity":81,"s:446:10:446:Infinity":82,"s:450:28:450:Infinity":83,"s:452:8:455:Infinity":84,"s:459:25:459:Infinity":85,"s:461:6:470:Infinity":86,"s:462:27:462:Infinity":87,"b:462:27:462:48:462:48:462:Infinity":44,"s:464:28:464:Infinity":88,"s:466:8:469:Infinity":89,"s:474:2:474:Infinity":90,"f:490:16:490:Infinity":25,"b:499:4:501:Infinity:502:4:504:Infinity:505:4:507:Infinity:508:4:511:Infinity":45,"s:498:2:512:Infinity":91,"s:500:6:500:Infinity":92,"s:501:6:501:Infinity":93,"s:503:6:503:Infinity":94,"s:504:6:504:Infinity":95,"s:506:6:506:Infinity":96,"s:507:6:507:Infinity":97,"s:510:33:510:Infinity":98,"s:511:6:511:Infinity":99,"s:515:17:515:Infinity":100,"s:516:2:518:Infinity":101,"s:517:4:517:Infinity":102,"s:520:2:520:Infinity":103,"f:554:16:554:Infinity":26,"b:559:2:565:Infinity:undefined:undefined:undefined:undefined":46,"s:559:2:565:Infinity":104,"s:560:4:564:Infinity":105,"f:560:25:560:26":27,"s:560:33:564:6":106,"b:569:2:575:Infinity:undefined:undefined:undefined:undefined":47,"s:569:2:575:Infinity":107,"s:570:4:574:Infinity":108,"f:570:25:570:26":28,"s:570:33:574:6":109,"s:577:2:590:Infinity":110,"f:577:23:577:24":29,"s:582:24:582:Infinity":111,"s:583:22:583:Infinity":112,"s:585:4:589:Infinity":113,"f:601:16:601:Infinity":30,"b:605:2:607:Infinity:undefined:undefined:undefined:undefined":48,"s:605:2:607:Infinity":114,"b:605:6:605:22:605:22:605:36":49,"s:606:4:606:Infinity":115,"s:608:2:608:Infinity":116,"f:618:16:618:Infinity":31,"s:622:2:622:Infinity":117,"f:652:16:652:Infinity":32,"b:654:20:654:Infinity":50,"s:657:18:657:Infinity":118,"s:662:36:665:Infinity":119,"f:662:57:662:58":33,"s:662:65:665:4":120,"s:668:18:671:Infinity":121,"f:669:12:669:13":34,"s:669:19:669:39":122,"f:670:9:670:10":35,"s:670:17:670:47":123,"f:671:10:671:11":36,"s:671:20:671:41":124,"s:673:20:675:Infinity":125,"f:674:12:674:13":37,"s:674:19:674:38":126,"f:675:10:675:11":38,"s:675:20:675:41":127,"s:677:32:677:Infinity":128,"s:680:18:680:Infinity":129,"s:681:20:681:Infinity":130,"s:683:2:726:Infinity":131,"b:683:9:683:39:683:39:683:71":51,"s:684:19:684:Infinity":132,"s:685:21:685:Infinity":133,"s:688:22:688:Infinity":134,"b:690:4:717:Infinity:undefined:undefined:undefined:undefined":52,"s:690:4:717:Infinity":135,"b:695:6:704:Infinity:700:13:704:Infinity":53,"s:695:6:704:Infinity":136,"b:695:10:695:25:695:25:695:38":54,"s:698:8:698:Infinity":137,"s:699:8:699:Infinity":138,"s:702:8:702:Infinity":139,"s:703:8:703:Infinity":140,"s:706:6:712:Infinity":141,"s:715:6:715:Infinity":142,"s:716:6:716:Infinity":143,"b:720:4:722:Infinity:undefined:undefined:undefined:undefined":55,"s:720:4:722:Infinity":144,"s:721:6:721:Infinity":145,"b:723:4:725:Infinity:undefined:undefined:undefined:undefined":56,"s:723:4:725:Infinity":146,"s:724:6:724:Infinity":147,"s:728:2:728:Infinity":148,"f:747:9:747:Infinity":39,"s:751:21:751:Infinity":149,"s:754:2:756:Infinity":150,"s:755:4:755:Infinity":151,"s:759:26:761:Infinity":152,"f:760:19:760:20":40,"s:760:26:760:34":153,"f:760:40:760:41":41,"s:760:47:760:51":154,"s:763:2:790:Infinity":155,"b:767:4:776:Infinity:773:11:776:Infinity":57,"s:767:4:776:Infinity":156,"b:767:8:767:34:767:34:767:69":58,"s:770:6:772:Infinity":157,"f:770:53:770:54":42,"s:771:8:771:Infinity":158,"f:771:21:771:22":43,"s:771:28:771:39":159,"s:775:6:775:Infinity":160,"b:779:4:781:Infinity:undefined:undefined:undefined:undefined":59,"s:779:4:781:Infinity":161,"s:780:6:780:Infinity":162,"s:784:32:784:Infinity":163,"s:786:4:789:Infinity":164,"s:787:22:787:Infinity":165,"b:787:22:787:55:787:55:787:Infinity":60,"s:788:6:788:Infinity":166,"s:792:2:792:Infinity":167,"f:803:9:803:Infinity":44,"s:807:21:807:Infinity":168,"s:810:2:812:Infinity":169,"s:811:4:811:Infinity":170,"s:815:2:818:Infinity":171,"s:816:20:816:Infinity":172,"b:816:20:816:56:816:56:816:Infinity":61,"s:817:4:817:Infinity":173,"s:820:2:820:Infinity":174,"f:846:16:846:33":45,"s:850:2:850:Infinity":175,"s:855:21:855:Infinity":176,"s:860:2:860:Infinity":177,"s:865:24:865:Infinity":178,"f:865:50:865:51":46,"s:865:57:865:65":179,"s:870:4:871:Infinity":180,"b:870:4:870:Infinity:871:4:871:Infinity":62,"f:871:30:871:31":47,"s:871:42:871:59":181,"s:874:27:877:Infinity":182,"f:875:4:875:5":48,"s:875:16:875:Infinity":183,"s:882:22:882:Infinity":184,"s:885:34:888:Infinity":185,"s:890:38:893:Infinity":186,"s:896:30:899:Infinity":187,"f:897:4:897:5":49,"s:897:16:897:Infinity":188,"s:900:34:903:Infinity":189,"f:901:4:901:5":50,"s:901:16:901:Infinity":190,"s:904:24:904:Infinity":191,"s:910:20:910:Infinity":192,"s:915:29:919:Infinity":193,"s:924:46:956:Infinity":194,"f:924:69:924:70":51,"s:926:33:926:Infinity":195,"b:926:33:926:70:926:70:926:Infinity":63,"s:930:6:930:Infinity":196,"b:930:6:930:47:930:47:930:Infinity":64,"s:933:32:933:Infinity":197,"s:936:24:936:Infinity":198,"b:936:24:936:56:936:56:936:Infinity":65,"s:942:21:942:Infinity":199,"s:944:4:955:Infinity":200,"b:947:12:947:22:947:22:947:Infinity":66,"s:963:30:963:Infinity":201,"b:963:54:963:75:963:75:963:Infinity":67,"s:968:29:971:Infinity":202,"s:976:2:982:Infinity":203}}},"C:\\Users\\3r4sa\\Desktop\\Payslip\\.auto-claude\\worktrees\\tasks\\003-you-ve-hit-your-limit-resets-2am-europe-berlin\\lib\\types.ts":{"path":"C:\\Users\\3r4sa\\Desktop\\Payslip\\.auto-claude\\worktrees\\tasks\\003-you-ve-hit-your-limit-resets-2am-europe-berlin\\lib\\types.ts","statementMap":{},"fnMap":{},"branchMap":{},"s":{},"f":{},"b":{},"meta":{"lastBranch":0,"lastFunction":0,"lastStatement":0,"seen":{}}}}}